This is pdfTeXk, Version 3.141592-1.40.3 (Web2C 7.5.6) (format=pdflatex 2015.2.10)  24 OCT 2016 17:21
entering extended mode
 %&-line parsing enabled.
**refman.tex
(./refman.tex
LaTeX2e <2005/12/01>
Babel <v3.8h> and hyphenation patterns for english, usenglishmax, dumylang, noh
yphenation, arabic, basque, bulgarian, coptic, welsh, czech, slovak, german, ng
erman, danish, esperanto, spanish, catalan, galician, estonian, farsi, finnish,
 french, greek, monogreek, ancientgreek, croatian, hungarian, interlingua, ibyc
us, indonesian, icelandic, italian, latin, mongolian, dutch, norsk, polish, por
tuguese, pinyin, romanian, russian, slovenian, uppersorbian, serbian, swedish, 
turkish, ukenglish, ukrainian, loaded.
(/usr/share/texmf/tex/latex/base/book.cls
Document Class: book 2005/09/16 v1.4f Standard LaTeX document class
(/usr/share/texmf/tex/latex/base/bk10.clo
File: bk10.clo 2005/09/16 v1.4f Standard LaTeX file (size option)
)
\c@part=\count79
\c@chapter=\count80
\c@section=\count81
\c@subsection=\count82
\c@subsubsection=\count83
\c@paragraph=\count84
\c@subparagraph=\count85
\c@figure=\count86
\c@table=\count87
\abovecaptionskip=\skip41
\belowcaptionskip=\skip42
\bibindent=\dimen102
)
(/usr/share/texmf/tex/latex/ltxmisc/a4wide.sty
Package: a4wide 1994/08/30

(/usr/share/texmf/tex/latex/ntgclass/a4.sty
Package: a4 2004/04/15 v1.2g A4 based page layout
))
(/usr/share/texmf/tex/latex/base/makeidx.sty
Package: makeidx 2000/03/29 v1.0m Standard LaTeX package
)
(/usr/share/texmf/tex/latex/graphics/graphicx.sty
Package: graphicx 1999/02/16 v1.0f Enhanced LaTeX Graphics (DPC,SPQR)

(/usr/share/texmf/tex/latex/graphics/keyval.sty
Package: keyval 1999/03/16 v1.13 key=value parser (DPC)
\KV@toks@=\toks14
)
(/usr/share/texmf/tex/latex/graphics/graphics.sty
Package: graphics 2006/02/20 v1.0o Standard LaTeX Graphics (DPC,SPQR)

(/usr/share/texmf/tex/latex/graphics/trig.sty
Package: trig 1999/03/16 v1.09 sin cos tan (DPC)
)
(/usr/share/texmf/tex/latex/config/graphics.cfg
File: graphics.cfg 2007/01/18 v1.5 graphics configuration of teTeX/TeXLive
)
Package graphics Info: Driver file: pdftex.def on input line 90.

(/usr/share/texmf/tex/latex/pdftex-def/pdftex.def
File: pdftex.def 2007/01/08 v0.04d Graphics/color for pdfTeX
\Gread@gobject=\count88
))
\Gin@req@height=\dimen103
\Gin@req@width=\dimen104
)
(/usr/share/texmf/tex/latex/tools/multicol.sty
Package: multicol 2006/05/18 v1.6g multicolumn formatting (FMi)
\c@tracingmulticols=\count89
\mult@box=\box26
\multicol@leftmargin=\dimen105
\c@unbalance=\count90
\c@collectmore=\count91
\doublecol@number=\count92
\multicoltolerance=\count93
\multicolpretolerance=\count94
\full@width=\dimen106
\page@free=\dimen107
\premulticols=\dimen108
\postmulticols=\dimen109
\multicolsep=\skip43
\multicolbaselineskip=\skip44
\partial@page=\box27
\last@line=\box28
\mult@rightbox=\box29
\mult@grightbox=\box30
\mult@gfirstbox=\box31
\mult@firstbox=\box32
\@tempa=\box33
\@tempa=\box34
\@tempa=\box35
\@tempa=\box36
\@tempa=\box37
\@tempa=\box38
\@tempa=\box39
\@tempa=\box40
\@tempa=\box41
\@tempa=\box42
\@tempa=\box43
\@tempa=\box44
\@tempa=\box45
\@tempa=\box46
\@tempa=\box47
\@tempa=\box48
\@tempa=\box49
\c@columnbadness=\count95
\c@finalcolumnbadness=\count96
\last@try=\dimen110
\multicolovershoot=\dimen111
\multicolundershoot=\dimen112
\mult@nat@firstbox=\box50
\colbreak@box=\box51
)
(/usr/share/texmf/tex/latex/float/float.sty
Package: float 2001/11/08 v1.3d Float enhancements (AL)
\c@float@type=\count97
\float@exts=\toks15
\float@box=\box52
\@float@everytoks=\toks16
\@floatcapt=\box53
)
(/usr/share/texmf/tex/latex/listings/listings.sty
\lst@mode=\count98
\lst@gtempboxa=\box54
\lst@token=\toks17
\lst@length=\count99
\lst@currlwidth=\dimen113
\lst@column=\count100
\lst@pos=\count101
\lst@lostspace=\dimen114
\lst@width=\dimen115
\lst@newlines=\count102
\lst@lineno=\count103
\c@lstlisting=\count104
\lst@maxwidth=\dimen116

(/usr/share/texmf/tex/latex/listings/lstpatch.sty
File: lstpatch.sty 2004/10/17 1.3b (Carsten Heinz)
)
(/usr/share/texmf/tex/latex/listings/lstmisc.sty
File: lstmisc.sty 2004/09/07 1.3 (Carsten Heinz)
\c@lstnumber=\count105
\lst@skipnumbers=\count106
\lst@framebox=\box55
)
(/usr/share/texmf/tex/latex/listings/listings.cfg
File: listings.cfg 2004/09/05 1.3 listings configuration
))
Package: listings 2004/10/17 1.3b (Carsten Heinz)

(/usr/share/texmf/tex/latex/graphics/color.sty
Package: color 2005/11/14 v1.0j Standard LaTeX Color (DPC)

(/usr/share/texmf/tex/latex/config/color.cfg
File: color.cfg 2007/01/18 v1.5 color configuration of teTeX/TeXLive
)
Package color Info: Driver file: pdftex.def on input line 130.
)
(/usr/share/texmf/tex/latex/base/textcomp.sty
Package: textcomp 2005/09/27 v1.99g Standard LaTeX package
Package textcomp Info: Sub-encoding information:
(textcomp)               5 = only ISO-Adobe without \textcurrency
(textcomp)               4 = 5 + \texteuro
(textcomp)               3 = 4 + \textohm
(textcomp)               2 = 3 + \textestimated + \textcurrency
(textcomp)               1 = TS1 - \textcircled - \t
(textcomp)               0 = TS1 (full)
(textcomp)             Font families with sub-encoding setting implement
(textcomp)             only a restricted character set as indicated.
(textcomp)             Family '?' is the default used for unknown fonts.
(textcomp)             See the documentation for details.
Package textcomp Info: Setting ? sub-encoding to TS1/1 on input line 71.

(/usr/share/texmf/tex/latex/base/ts1enc.def
File: ts1enc.def 2001/06/05 v3.0e (jk/car/fm) Standard LaTeX file
)
LaTeX Info: Redefining \oldstylenums on input line 266.
Package textcomp Info: Setting cmr sub-encoding to TS1/0 on input line 281.
Package textcomp Info: Setting cmss sub-encoding to TS1/0 on input line 282.
Package textcomp Info: Setting cmtt sub-encoding to TS1/0 on input line 283.
Package textcomp Info: Setting cmvtt sub-encoding to TS1/0 on input line 284.
Package textcomp Info: Setting cmbr sub-encoding to TS1/0 on input line 285.
Package textcomp Info: Setting cmtl sub-encoding to TS1/0 on input line 286.
Package textcomp Info: Setting ccr sub-encoding to TS1/0 on input line 287.
Package textcomp Info: Setting ptm sub-encoding to TS1/4 on input line 288.
Package textcomp Info: Setting pcr sub-encoding to TS1/4 on input line 289.
Package textcomp Info: Setting phv sub-encoding to TS1/4 on input line 290.
Package textcomp Info: Setting ppl sub-encoding to TS1/3 on input line 291.
Package textcomp Info: Setting pag sub-encoding to TS1/4 on input line 292.
Package textcomp Info: Setting pbk sub-encoding to TS1/4 on input line 293.
Package textcomp Info: Setting pnc sub-encoding to TS1/4 on input line 294.
Package textcomp Info: Setting pzc sub-encoding to TS1/4 on input line 295.
Package textcomp Info: Setting bch sub-encoding to TS1/4 on input line 296.
Package textcomp Info: Setting put sub-encoding to TS1/5 on input line 297.
Package textcomp Info: Setting uag sub-encoding to TS1/5 on input line 298.
Package textcomp Info: Setting ugq sub-encoding to TS1/5 on input line 299.
Package textcomp Info: Setting ul8 sub-encoding to TS1/4 on input line 300.
Package textcomp Info: Setting ul9 sub-encoding to TS1/4 on input line 301.
Package textcomp Info: Setting augie sub-encoding to TS1/5 on input line 302.
Package textcomp Info: Setting dayrom sub-encoding to TS1/3 on input line 303.
Package textcomp Info: Setting dayroms sub-encoding to TS1/3 on input line 304.

Package textcomp Info: Setting pxr sub-encoding to TS1/0 on input line 305.
Package textcomp Info: Setting pxss sub-encoding to TS1/0 on input line 306.
Package textcomp Info: Setting pxtt sub-encoding to TS1/0 on input line 307.
Package textcomp Info: Setting txr sub-encoding to TS1/0 on input line 308.
Package textcomp Info: Setting txss sub-encoding to TS1/0 on input line 309.
Package textcomp Info: Setting txtt sub-encoding to TS1/0 on input line 310.
Package textcomp Info: Setting futs sub-encoding to TS1/4 on input line 311.
Package textcomp Info: Setting futx sub-encoding to TS1/4 on input line 312.
Package textcomp Info: Setting futj sub-encoding to TS1/4 on input line 313.
Package textcomp Info: Setting hlh sub-encoding to TS1/3 on input line 314.
Package textcomp Info: Setting hls sub-encoding to TS1/3 on input line 315.
Package textcomp Info: Setting hlst sub-encoding to TS1/3 on input line 316.
Package textcomp Info: Setting hlct sub-encoding to TS1/5 on input line 317.
Package textcomp Info: Setting hlx sub-encoding to TS1/5 on input line 318.
Package textcomp Info: Setting hlce sub-encoding to TS1/5 on input line 319.
Package textcomp Info: Setting hlcn sub-encoding to TS1/5 on input line 320.
Package textcomp Info: Setting hlcw sub-encoding to TS1/5 on input line 321.
Package textcomp Info: Setting hlcf sub-encoding to TS1/5 on input line 322.
Package textcomp Info: Setting pplx sub-encoding to TS1/3 on input line 323.
Package textcomp Info: Setting pplj sub-encoding to TS1/3 on input line 324.
Package textcomp Info: Setting ptmx sub-encoding to TS1/4 on input line 325.
Package textcomp Info: Setting ptmj sub-encoding to TS1/4 on input line 326.
)
(/usr/share/texmf/tex/latex/base/alltt.sty
Package: alltt 1997/06/16 v2.0g defines alltt environment
)
(/usr/share/texmf/tex/latex/psnfss/times.sty
Package: times 2005/04/12 PSNFSS-v9.2a (SPQR) 
)
(/usr/share/texmf/tex/generic/oberdiek/ifpdf.sty
Package: ifpdf 2006/02/20 v1.4 Provides the ifpdf switch (HO)
Package ifpdf Info: pdfTeX in pdf mode detected.
)
(/usr/share/texmf/tex/latex/hyperref/hyperref.sty
Package: hyperref 2007/02/07 v6.75r Hypertext links for LaTeX
\@linkdim=\dimen117
\Hy@linkcounter=\count107
\Hy@pagecounter=\count108

(/usr/share/texmf/tex/latex/hyperref/pd1enc.def
File: pd1enc.def 2007/02/07 v6.75r Hyperref: PDFDocEncoding definition (HO)
)
(/usr/share/texmf/tex/latex/config/hyperref.cfg
File: hyperref.cfg 2002/06/06 v1.2 hyperref configuration of TeXLive
)
(/usr/share/texmf/tex/latex/oberdiek/kvoptions.sty
Package: kvoptions 2006/08/22 v2.4 Connects package keyval with LaTeX options (
HO)
)
Package hyperref Info: Option `colorlinks' set `true' on input line 2238.
Package hyperref Info: Option `unicode' set `true' on input line 2238.

(/usr/share/texmf/tex/latex/hyperref/puenc.def
File: puenc.def 2007/02/07 v6.75r Hyperref: PDF Unicode definition (HO)
)
Package hyperref Info: Hyper figures OFF on input line 2288.
Package hyperref Info: Link nesting OFF on input line 2293.
Package hyperref Info: Hyper index ON on input line 2296.
Package hyperref Info: Plain pages OFF on input line 2303.
Package hyperref Info: Backreferencing ON on input line 2306.

Implicit mode ON; LaTeX internals redefined
Package hyperref Info: Bookmarks ON on input line 2444.
(/usr/share/texmf/tex/latex/hyperref/backref.sty
Package: backref 2006/10/06 v1.27 Bibliographical back referencing
)
(/usr/share/texmf/tex/latex/ltxmisc/url.sty
\Urlmuskip=\muskip10
Package: url 2005/06/27  ver 3.2  Verb mode for urls, etc.
)
LaTeX Info: Redefining \url on input line 2599.
\Fld@menulength=\count109
\Field@Width=\dimen118
\Fld@charsize=\dimen119
\Choice@toks=\toks18
\Field@toks=\toks19
Package hyperref Info: Hyper figures OFF on input line 3102.
Package hyperref Info: Link nesting OFF on input line 3107.
Package hyperref Info: Hyper index ON on input line 3110.
Package hyperref Info: backreferencing ON on input line 3115.
Package hyperref Info: Link coloring ON on input line 3120.
\Hy@abspage=\count110
\c@Item=\count111
\c@Hfootnote=\count112
)
*hyperref using driver hpdftex*
(/usr/share/texmf/tex/latex/hyperref/hpdftex.def
File: hpdftex.def 2007/02/07 v6.75r Hyperref driver for pdfTeX
\Fld@listcount=\count113
)
(/usr/share/texmf/tex/latex/base/inputenc.sty
Package: inputenc 2006/05/05 v1.1b Input encoding file
\inpenc@prehook=\toks20
\inpenc@posthook=\toks21

(/usr/share/texmf/tex/latex/base/utf8.def
File: utf8.def 2006/03/30 v1.1i UTF-8 support for inputenc
Now handling font encoding OML ...
... no UTF-8 mapping file for font encoding OML
Now handling font encoding T1 ...
... processing UTF-8 mapping file for font encodingT1

(/usr/share/texmf/tex/latex/base/t1enc.dfu
File: t1enc.dfu 2006/03/30 v1.1i UTF-8 support for inputenc
   defining Unicode char U+00A1 (decimal 161)
   defining Unicode char U+00A3 (decimal 163)
   defining Unicode char U+00AB (decimal 171)
   defining Unicode char U+00BB (decimal 187)
   defining Unicode char U+00BF (decimal 191)
   defining Unicode char U+00C0 (decimal 192)
   defining Unicode char U+00C1 (decimal 193)
   defining Unicode char U+00C2 (decimal 194)
   defining Unicode char U+00C3 (decimal 195)
   defining Unicode char U+00C4 (decimal 196)
   defining Unicode char U+00C5 (decimal 197)
   defining Unicode char U+00C6 (decimal 198)
   defining Unicode char U+00C7 (decimal 199)
   defining Unicode char U+00C8 (decimal 200)
   defining Unicode char U+00C9 (decimal 201)
   defining Unicode char U+00CA (decimal 202)
   defining Unicode char U+00CB (decimal 203)
   defining Unicode char U+00CC (decimal 204)
   defining Unicode char U+00CD (decimal 205)
   defining Unicode char U+00CE (decimal 206)
   defining Unicode char U+00CF (decimal 207)
   defining Unicode char U+00D0 (decimal 208)
   defining Unicode char U+00D1 (decimal 209)
   defining Unicode char U+00D2 (decimal 210)
   defining Unicode char U+00D3 (decimal 211)
   defining Unicode char U+00D4 (decimal 212)
   defining Unicode char U+00D5 (decimal 213)
   defining Unicode char U+00D6 (decimal 214)
   defining Unicode char U+00D8 (decimal 216)
   defining Unicode char U+00D9 (decimal 217)
   defining Unicode char U+00DA (decimal 218)
   defining Unicode char U+00DB (decimal 219)
   defining Unicode char U+00DC (decimal 220)
   defining Unicode char U+00DD (decimal 221)
   defining Unicode char U+00DE (decimal 222)
   defining Unicode char U+00DF (decimal 223)
   defining Unicode char U+00E0 (decimal 224)
   defining Unicode char U+00E1 (decimal 225)
   defining Unicode char U+00E2 (decimal 226)
   defining Unicode char U+00E3 (decimal 227)
   defining Unicode char U+00E4 (decimal 228)
   defining Unicode char U+00E5 (decimal 229)
   defining Unicode char U+00E6 (decimal 230)
   defining Unicode char U+00E7 (decimal 231)
   defining Unicode char U+00E8 (decimal 232)
   defining Unicode char U+00E9 (decimal 233)
   defining Unicode char U+00EA (decimal 234)
   defining Unicode char U+00EB (decimal 235)
   defining Unicode char U+00EC (decimal 236)
   defining Unicode char U+00ED (decimal 237)
   defining Unicode char U+00EE (decimal 238)
   defining Unicode char U+00EF (decimal 239)
   defining Unicode char U+00F0 (decimal 240)
   defining Unicode char U+00F1 (decimal 241)
   defining Unicode char U+00F2 (decimal 242)
   defining Unicode char U+00F3 (decimal 243)
   defining Unicode char U+00F4 (decimal 244)
   defining Unicode char U+00F5 (decimal 245)
   defining Unicode char U+00F6 (decimal 246)
   defining Unicode char U+00F8 (decimal 248)
   defining Unicode char U+00F9 (decimal 249)
   defining Unicode char U+00FA (decimal 250)
   defining Unicode char U+00FB (decimal 251)
   defining Unicode char U+00FC (decimal 252)
   defining Unicode char U+00FD (decimal 253)
   defining Unicode char U+00FE (decimal 254)
   defining Unicode char U+00FF (decimal 255)
   defining Unicode char U+0102 (decimal 258)
   defining Unicode char U+0103 (decimal 259)
   defining Unicode char U+0104 (decimal 260)
   defining Unicode char U+0105 (decimal 261)
   defining Unicode char U+0106 (decimal 262)
   defining Unicode char U+0107 (decimal 263)
   defining Unicode char U+010C (decimal 268)
   defining Unicode char U+010D (decimal 269)
   defining Unicode char U+010E (decimal 270)
   defining Unicode char U+010F (decimal 271)
   defining Unicode char U+0110 (decimal 272)
   defining Unicode char U+0111 (decimal 273)
   defining Unicode char U+0118 (decimal 280)
   defining Unicode char U+0119 (decimal 281)
   defining Unicode char U+011A (decimal 282)
   defining Unicode char U+011B (decimal 283)
   defining Unicode char U+011E (decimal 286)
   defining Unicode char U+011F (decimal 287)
   defining Unicode char U+0130 (decimal 304)
   defining Unicode char U+0131 (decimal 305)
   defining Unicode char U+0132 (decimal 306)
   defining Unicode char U+0133 (decimal 307)
   defining Unicode char U+0139 (decimal 313)
   defining Unicode char U+013A (decimal 314)
   defining Unicode char U+013D (decimal 317)
   defining Unicode char U+013E (decimal 318)
   defining Unicode char U+0141 (decimal 321)
   defining Unicode char U+0142 (decimal 322)
   defining Unicode char U+0143 (decimal 323)
   defining Unicode char U+0144 (decimal 324)
   defining Unicode char U+0147 (decimal 327)
   defining Unicode char U+0148 (decimal 328)
   defining Unicode char U+014A (decimal 330)
   defining Unicode char U+014B (decimal 331)
   defining Unicode char U+0150 (decimal 336)
   defining Unicode char U+0151 (decimal 337)
   defining Unicode char U+0152 (decimal 338)
   defining Unicode char U+0153 (decimal 339)
   defining Unicode char U+0154 (decimal 340)
   defining Unicode char U+0155 (decimal 341)
   defining Unicode char U+0158 (decimal 344)
   defining Unicode char U+0159 (decimal 345)
   defining Unicode char U+015A (decimal 346)
   defining Unicode char U+015B (decimal 347)
   defining Unicode char U+015E (decimal 350)
   defining Unicode char U+015F (decimal 351)
   defining Unicode char U+0160 (decimal 352)
   defining Unicode char U+0161 (decimal 353)
   defining Unicode char U+0162 (decimal 354)
   defining Unicode char U+0163 (decimal 355)
   defining Unicode char U+0164 (decimal 356)
   defining Unicode char U+0165 (decimal 357)
   defining Unicode char U+016E (decimal 366)
   defining Unicode char U+016F (decimal 367)
   defining Unicode char U+0170 (decimal 368)
   defining Unicode char U+0171 (decimal 369)
   defining Unicode char U+0178 (decimal 376)
   defining Unicode char U+0179 (decimal 377)
   defining Unicode char U+017A (decimal 378)
   defining Unicode char U+017B (decimal 379)
   defining Unicode char U+017C (decimal 380)
   defining Unicode char U+017D (decimal 381)
   defining Unicode char U+017E (decimal 382)
   defining Unicode char U+200C (decimal 8204)
   defining Unicode char U+2013 (decimal 8211)
   defining Unicode char U+2014 (decimal 8212)
   defining Unicode char U+2018 (decimal 8216)
   defining Unicode char U+2019 (decimal 8217)
   defining Unicode char U+201A (decimal 8218)
   defining Unicode char U+201C (decimal 8220)
   defining Unicode char U+201D (decimal 8221)
   defining Unicode char U+201E (decimal 8222)
   defining Unicode char U+2030 (decimal 8240)
   defining Unicode char U+2031 (decimal 8241)
   defining Unicode char U+2039 (decimal 8249)
   defining Unicode char U+203A (decimal 8250)
   defining Unicode char U+2423 (decimal 9251)
)
Now handling font encoding OT1 ...
... processing UTF-8 mapping file for font encodingOT1

(/usr/share/texmf/tex/latex/base/ot1enc.dfu
File: ot1enc.dfu 2006/03/30 v1.1i UTF-8 support for inputenc
   defining Unicode char U+00A1 (decimal 161)
   defining Unicode char U+00A3 (decimal 163)
   defining Unicode char U+00B8 (decimal 184)
   defining Unicode char U+00BF (decimal 191)
   defining Unicode char U+00C5 (decimal 197)
   defining Unicode char U+00C6 (decimal 198)
   defining Unicode char U+00D8 (decimal 216)
   defining Unicode char U+00DF (decimal 223)
   defining Unicode char U+00E6 (decimal 230)
   defining Unicode char U+00EC (decimal 236)
   defining Unicode char U+00ED (decimal 237)
   defining Unicode char U+00EE (decimal 238)
   defining Unicode char U+00EF (decimal 239)
   defining Unicode char U+00F8 (decimal 248)
   defining Unicode char U+0131 (decimal 305)
   defining Unicode char U+0141 (decimal 321)
   defining Unicode char U+0142 (decimal 322)
   defining Unicode char U+0152 (decimal 338)
   defining Unicode char U+0153 (decimal 339)
   defining Unicode char U+2013 (decimal 8211)
   defining Unicode char U+2014 (decimal 8212)
   defining Unicode char U+2018 (decimal 8216)
   defining Unicode char U+2019 (decimal 8217)
   defining Unicode char U+201C (decimal 8220)
   defining Unicode char U+201D (decimal 8221)
)
Now handling font encoding OMS ...
... processing UTF-8 mapping file for font encodingOMS

(/usr/share/texmf/tex/latex/base/omsenc.dfu
File: omsenc.dfu 2006/03/30 v1.1i UTF-8 support for inputenc
   defining Unicode char U+00A7 (decimal 167)
   defining Unicode char U+00B6 (decimal 182)
   defining Unicode char U+00B7 (decimal 183)
   defining Unicode char U+2020 (decimal 8224)
   defining Unicode char U+2021 (decimal 8225)
   defining Unicode char U+2022 (decimal 8226)
)
Now handling font encoding OMX ...
... no UTF-8 mapping file for font encoding OMX
Now handling font encoding U ...
... no UTF-8 mapping file for font encoding U
Now handling font encoding TS1 ...
... processing UTF-8 mapping file for font encodingTS1

(/usr/share/texmf/tex/latex/base/ts1enc.dfu
File: ts1enc.dfu 2006/03/30 v1.1i UTF-8 support for inputenc
   defining Unicode char U+00A2 (decimal 162)
   defining Unicode char U+00A3 (decimal 163)
   defining Unicode char U+00A4 (decimal 164)
   defining Unicode char U+00A5 (decimal 165)
   defining Unicode char U+00A6 (decimal 166)
   defining Unicode char U+00A7 (decimal 167)
   defining Unicode char U+00A8 (decimal 168)
   defining Unicode char U+00A9 (decimal 169)
   defining Unicode char U+00AA (decimal 170)
   defining Unicode char U+00AC (decimal 172)
   defining Unicode char U+00AE (decimal 174)
   defining Unicode char U+00AF (decimal 175)
   defining Unicode char U+00B0 (decimal 176)
   defining Unicode char U+00B1 (decimal 177)
   defining Unicode char U+00B2 (decimal 178)
   defining Unicode char U+00B3 (decimal 179)
   defining Unicode char U+00B4 (decimal 180)
   defining Unicode char U+00B5 (decimal 181)
   defining Unicode char U+00B6 (decimal 182)
   defining Unicode char U+00B7 (decimal 183)
   defining Unicode char U+00B9 (decimal 185)
   defining Unicode char U+00BA (decimal 186)
   defining Unicode char U+00BC (decimal 188)
   defining Unicode char U+00BD (decimal 189)
   defining Unicode char U+00BE (decimal 190)
   defining Unicode char U+00D7 (decimal 215)
   defining Unicode char U+00F7 (decimal 247)
   defining Unicode char U+0192 (decimal 402)
   defining Unicode char U+02C7 (decimal 711)
   defining Unicode char U+02D8 (decimal 728)
   defining Unicode char U+02DD (decimal 733)
   defining Unicode char U+0E3F (decimal 3647)
   defining Unicode char U+2016 (decimal 8214)
   defining Unicode char U+2020 (decimal 8224)
   defining Unicode char U+2021 (decimal 8225)
   defining Unicode char U+2022 (decimal 8226)
   defining Unicode char U+2030 (decimal 8240)
   defining Unicode char U+2031 (decimal 8241)
   defining Unicode char U+203B (decimal 8251)
   defining Unicode char U+203D (decimal 8253)
   defining Unicode char U+2044 (decimal 8260)
   defining Unicode char U+204E (decimal 8270)
   defining Unicode char U+2052 (decimal 8274)
   defining Unicode char U+20A1 (decimal 8353)
   defining Unicode char U+20A4 (decimal 8356)
   defining Unicode char U+20A6 (decimal 8358)
   defining Unicode char U+20A9 (decimal 8361)
   defining Unicode char U+20AB (decimal 8363)
   defining Unicode char U+20AC (decimal 8364)
   defining Unicode char U+20B1 (decimal 8369)
   defining Unicode char U+2103 (decimal 8451)
   defining Unicode char U+2116 (decimal 8470)
   defining Unicode char U+2117 (decimal 8471)
   defining Unicode char U+211E (decimal 8478)
   defining Unicode char U+2120 (decimal 8480)
   defining Unicode char U+2122 (decimal 8482)
   defining Unicode char U+2126 (decimal 8486)
   defining Unicode char U+2127 (decimal 8487)
   defining Unicode char U+212E (decimal 8494)
   defining Unicode char U+2190 (decimal 8592)
   defining Unicode char U+2191 (decimal 8593)
   defining Unicode char U+2192 (decimal 8594)
   defining Unicode char U+2193 (decimal 8595)
   defining Unicode char U+2329 (decimal 9001)
   defining Unicode char U+232A (decimal 9002)
   defining Unicode char U+2422 (decimal 9250)
   defining Unicode char U+25E6 (decimal 9702)
   defining Unicode char U+25EF (decimal 9711)
   defining Unicode char U+266A (decimal 9834)
)
Now handling font encoding PD1 ...
... no UTF-8 mapping file for font encoding PD1
Now handling font encoding PU ...
... no UTF-8 mapping file for font encoding PU
   defining Unicode char U+00A9 (decimal 169)
   defining Unicode char U+00AA (decimal 170)
   defining Unicode char U+00AE (decimal 174)
   defining Unicode char U+00BA (decimal 186)
   defining Unicode char U+02C6 (decimal 710)
   defining Unicode char U+02DC (decimal 732)
   defining Unicode char U+200C (decimal 8204)
   defining Unicode char U+2026 (decimal 8230)
   defining Unicode char U+2122 (decimal 8482)
   defining Unicode char U+2423 (decimal 9251)
)) (./doxygen.sty
Package: doxygen 

(/usr/share/texmf/tex/latex/tools/array.sty
Package: array 2005/08/23 v2.4b Tabular extension package (FMi)
\col@sep=\dimen120
\extrarowheight=\dimen121
\NC@list=\toks22
\extratabsurround=\skip45
\backup@length=\skip46
)
(/usr/share/texmf/tex/latex/tools/calc.sty
Package: calc 2005/08/06 v4.2 Infix arithmetic (KKT,FJ)
\calc@Acount=\count114
\calc@Bcount=\count115
\calc@Adimen=\dimen122
\calc@Bdimen=\dimen123
\calc@Askip=\skip47
\calc@Bskip=\skip48
LaTeX Info: Redefining \setlength on input line 75.
LaTeX Info: Redefining \addtolength on input line 76.
\calc@Ccount=\count116
\calc@Cskip=\skip49
)
(/usr/share/texmf/tex/latex/fancyhdr/fancyhdr.sty
\fancy@headwidth=\skip50
\f@ncyO@elh=\skip51
\f@ncyO@erh=\skip52
\f@ncyO@olh=\skip53
\f@ncyO@orh=\skip54
\f@ncyO@elf=\skip55
\f@ncyO@erf=\skip56
\f@ncyO@olf=\skip57
\f@ncyO@orf=\skip58
)
(/usr/share/texmf/tex/latex/tools/verbatim.sty
Package: verbatim 2003/08/22 v1.5q LaTeX2e package for verbatim enhancements
\every@verbatim=\toks23
\verbatim@line=\toks24
\verbatim@in@stream=\read1
)
\tmplength=\skip59

(/usr/share/texmf/tex/latex/base/fontenc.sty
Package: fontenc 2005/09/27 v1.99g Standard LaTeX package

(/usr/share/texmf/tex/latex/base/t1enc.def
File: t1enc.def 2005/09/27 v1.99g Standard LaTeX file
LaTeX Font Info:    Redeclaring font encoding T1 on input line 43.
)))
(/usr/share/texmf/tex/latex/listings/lstlang1.sty
File: lstlang1.sty 2004/09/05 1.3 listings language file
)
(/usr/share/texmf/tex/latex/listings/lstlang1.sty
File: lstlang1.sty 2004/09/05 1.3 listings language file
)
(/usr/share/texmf/tex/latex/listings/lstmisc.sty
File: lstmisc.sty 2004/09/07 1.3 (Carsten Heinz)
)
\@indexfile=\write3
\openout3 = `refman.idx'.


Writing index file refman.idx
No file refman.aux.
\openout1 = `refman.aux'.

LaTeX Font Info:    Checking defaults for OML/cmm/m/it on input line 35.
LaTeX Font Info:    ... okay on input line 35.
LaTeX Font Info:    Checking defaults for T1/cmr/m/n on input line 35.
LaTeX Font Info:    ... okay on input line 35.
LaTeX Font Info:    Checking defaults for OT1/cmr/m/n on input line 35.
LaTeX Font Info:    ... okay on input line 35.
LaTeX Font Info:    Checking defaults for OMS/cmsy/m/n on input line 35.
LaTeX Font Info:    ... okay on input line 35.
LaTeX Font Info:    Checking defaults for OMX/cmex/m/n on input line 35.
LaTeX Font Info:    ... okay on input line 35.
LaTeX Font Info:    Checking defaults for U/cmr/m/n on input line 35.
LaTeX Font Info:    ... okay on input line 35.
LaTeX Font Info:    Checking defaults for TS1/cmr/m/n on input line 35.
LaTeX Font Info:    Try loading font information for TS1+cmr on input line 35.
(/usr/share/texmf/tex/latex/base/ts1cmr.fd
File: ts1cmr.fd 1999/05/25 v2.5h Standard LaTeX font definitions
)
LaTeX Font Info:    ... okay on input line 35.
LaTeX Font Info:    Checking defaults for PD1/pdf/m/n on input line 35.
LaTeX Font Info:    ... okay on input line 35.
LaTeX Font Info:    Checking defaults for PU/pdf/m/n on input line 35.
LaTeX Font Info:    ... okay on input line 35.
LaTeX Font Info:    Try loading font information for T1+ptm on input line 35.

(/usr/share/texmf/tex/latex/psnfss/t1ptm.fd
File: t1ptm.fd 2001/06/04 font definitions for T1/ptm.
)
Package hyperref Info: Link coloring ON on input line 35.

(/usr/share/texmf/tex/latex/hyperref/nameref.sty
Package: nameref 2006/12/27 v2.28 Cross-referencing by name of section

(/usr/share/texmf/tex/latex/oberdiek/refcount.sty
Package: refcount 2006/02/20 v3.0 Data extraction from references (HO)
)
\c@section@level=\count117
)
LaTeX Info: Redefining \ref on input line 35.
LaTeX Info: Redefining \pageref on input line 35.
\@outlinefile=\write4
\openout4 = `refman.out'.

Package hyperref Info: Option `pageanchor' set `false' on input line 36.
 [1


{/usr/share/texmf/fonts/map/pdftex/updmap/pdftex.map}] [2

]
LaTeX Font Info:    Font shape `T1/ptm/bx/n' in size <24.88> not available
(Font)              Font shape `T1/ptm/b/n' tried instead on input line 49.
\tf@toc=\write5
\openout5 = `refman.toc'.

 [1

] [2

]
Package hyperref Info: Option `pageanchor' set `true' on input line 52.

Chapter 1.
LaTeX Font Info:    Font shape `T1/ptm/bx/n' in size <20.74> not available
(Font)              Font shape `T1/ptm/b/n' tried instead on input line 53.
(./todo.tex
LaTeX Font Info:    Font shape `T1/ptm/bx/n' in size <10> not available
(Font)              Font shape `T1/ptm/b/n' tried instead on input line 5.
) [1

]
LaTeX Font Info:    Font shape `T1/ptm/bx/n' in size <7> not available
(Font)              Font shape `T1/ptm/b/n' tried instead on input line 57.
 [2

]
Chapter 2.
(./hierarchy.tex
LaTeX Font Info:    Font shape `T1/ptm/bx/n' in size <14.4> not available
(Font)              Font shape `T1/ptm/b/n' tried instead on input line 1.
LaTeX Font Info:    External font `cmex10' loaded for size
(Font)              <7> on input line 3.
LaTeX Font Info:    External font `cmex10' loaded for size
(Font)              <5> on input line 3.


LaTeX Warning: Reference `classcircular__edge__geometry' on page 3 undefined on
 input line 3.


LaTeX Warning: Reference `structdata__structure' on page 3 undefined on input l
ine 4.


LaTeX Warning: Reference `structedge__data__structure' on page 3 undefined on i
nput line 5.


LaTeX Warning: Reference `classBGLgeom_1_1edge__geometry' on page 3 undefined o
n input line 6.


LaTeX Warning: Reference `classBGLgeom_1_1generic__edge__geometry' on page 3 un
defined on input line 8.


LaTeX Warning: Reference `classedge__parametrization' on page 3 undefined on in
put line 10.


LaTeX Warning: Reference `structedge__prop__max__flow__t' on page 3 undefined o
n input line 11.


LaTeX Warning: Reference `structForma__edge__property__t' on page 3 undefined o
n input line 12.


LaTeX Warning: Reference `structForma__vertex__property__t' on page 3 undefined
 on input line 13.


LaTeX Warning: Reference `structGeometry_1_1Intersection' on page 3 undefined o
n input line 14.


LaTeX Warning: Reference `classintersector__base__class' on page 3 undefined on
 input line 15.


LaTeX Warning: Reference `classfinal' on page 3 undefined on input line 17.


LaTeX Warning: Reference `classGeometry_1_1Linear__edge' on page 3 undefined on
 input line 19.


LaTeX Warning: Reference `structmy__edge' on page 3 undefined on input line 20.



LaTeX Warning: Reference `classnew__reader__class' on page 3 undefined on input
 line 21.


Underfull \hbox (badness 10000) in paragraph at lines 21--21
 [][] \T1/ptm/m/n/10 new_-reader_-class$\OML/cmm/m/it/10 <$ \T1/ptm/m/n/10 Sour
ce_-data_-structure, Target_-data_-structure, Edge_-data_-structure, 
 []


LaTeX Warning: Reference `classnew__reader__class' on page 3 undefined on input
 line 22.


Underfull \hbox (badness 1430) in paragraph at lines 22--22
 [][] \T1/ptm/m/n/10 new_-reader_-class$\OML/cmm/m/it/10 <$ \T1/ptm/m/n/10 Zuni
no_-source_-data, Zunino_-target_-data, Zunino_-edge_-data, Zunino_- 
 []


LaTeX Warning: Reference `classZunino__reader' on page 3 undefined on input lin
e 24.


LaTeX Warning: Reference `structno__topological__data' on page 3 undefined on i
nput line 26.


LaTeX Warning: Reference `classour__disjoint__sets' on page 3 undefined on inpu
t line 27.


LaTeX Warning: Reference `classBGLgeom_1_1point' on page 3 undefined on input l
ine 28.


LaTeX Warning: Reference `classreader__base__class' on page 3 undefined on inpu
t line 29.


LaTeX Warning: Reference `classfinal' on page 3 undefined on input line 31.


LaTeX Warning: Reference `classfinal' on page 3 undefined on input line 32.


LaTeX Warning: Reference `structvertex__data__structure' on page 3 undefined on
 input line 34.


LaTeX Warning: Reference `structZunino__edge__data' on page 3 undefined on inpu
t line 35.


LaTeX Warning: Reference `structZunino__edge__property__t' on page 3 undefined 
on input line 36.


LaTeX Warning: Reference `structZunino__source__data' on page 3 undefined on in
put line 37.


LaTeX Warning: Reference `structZunino__target__data' on page 3 undefined on in
put line 38.


LaTeX Warning: Reference `structZunino__topological__data' on page 3 undefined 
on input line 39.

) [3] [4

]
Chapter 3.
(./annotated.tex

LaTeX Warning: Reference `classcircular__edge__geometry' on page 5 undefined on
 input line 3.


LaTeX Warning: Reference `structdata__structure' on page 5 undefined on input l
ine 4.


LaTeX Warning: Reference `structedge__data__structure' on page 5 undefined on i
nput line 5.


LaTeX Warning: Reference `classBGLgeom_1_1edge__geometry' on page 5 undefined o
n input line 6.


LaTeX Warning: Reference `classedge__parametrization' on page 5 undefined on in
put line 7.


LaTeX Warning: Reference `structedge__prop__max__flow__t' on page 5 undefined o
n input line 8.


LaTeX Warning: Reference `classfinal' on page 5 undefined on input line 9.


LaTeX Warning: Reference `structForma__edge__property__t' on page 5 undefined o
n input line 10.


LaTeX Warning: Reference `structForma__vertex__property__t' on page 5 undefined
 on input line 11.


LaTeX Warning: Reference `classBGLgeom_1_1generic__edge__geometry' on page 5 un
defined on input line 12.


LaTeX Warning: Reference `structGeometry_1_1Intersection' on page 5 undefined o
n input line 13.


LaTeX Warning: Reference `classintersector__base__class' on page 5 undefined on
 input line 14.


LaTeX Warning: Reference `classGeometry_1_1Linear__edge' on page 5 undefined on
 input line 15.


LaTeX Warning: Reference `structmy__edge' on page 5 undefined on input line 16.



LaTeX Warning: Reference `classnew__reader__class' on page 5 undefined on input
 line 17.


Underfull \hbox (badness 10000) in paragraph at lines 17--17
 [][] [][]\T1/ptm/m/n/10 new_-reader_-class$\OML/cmm/m/it/10 <$ \T1/ptm/m/n/10 
Source_-data_-structure, Target_-data_-structure, Edge_-data_-structure, 
 []


LaTeX Warning: Reference `structno__topological__data' on page 5 undefined on i
nput line 18.

Runaway argument?
{\hyperlink {classour__disjoint__sets}{our\_\-disjoint\_\-sets$<$ Gra\ETC.
! Paragraph ended before \contentsline was complete.
<to be read again> 
                   \par 
l.19 ...int sets  The template parameters are:\par
                                                  
? return
OK, entering \nonstopmode...
! Extra }, or forgotten \endgroup.
l.21 ..., i.e that belong to the same component )}
                                                  {\pageref{classour__disjoi...
I've deleted a group-closing symbol because it seems to be
spurious, as in `$x}$'. But perhaps the } is legitimate and
you forgot something else, as in `\hbox{$x}'. In such cases
the way to recover is to insert both the forgotten and the
deleted material, e.g., by typing `I$}'.


LaTeX Warning: Reference `classour__disjoint__sets' on page 5 undefined on inpu
t line 21.


LaTeX Warning: Reference `classBGLgeom_1_1point' on page 5 undefined on input l
ine 22.

[5]

LaTeX Warning: Reference `classreader__base__class' on page 6 undefined on inpu
t line 23.


LaTeX Warning: Reference `structvertex__data__structure' on page 6 undefined on
 input line 24.


LaTeX Warning: Reference `structZunino__edge__data' on page 6 undefined on inpu
t line 25.


LaTeX Warning: Reference `structZunino__edge__property__t' on page 6 undefined 
on input line 26.


LaTeX Warning: Reference `classZunino__reader' on page 6 undefined on input lin
e 27.


Underfull \hbox (badness 6927) in paragraph at lines 27--27
 [][] [][]\T1/ptm/m/n/10 Zunino_-reader$\OML/cmm/m/it/10 <$ \T1/ptm/m/n/10 Zuni
no_-source_-data, Zunino_-target_-data, Zunino_-edge_-data, Zunino_- 
 []


LaTeX Warning: Reference `structZunino__source__data' on page 6 undefined on in
put line 28.


LaTeX Warning: Reference `structZunino__target__data' on page 6 undefined on in
put line 29.


LaTeX Warning: Reference `structZunino__topological__data' on page 6 undefined 
on input line 30.

) [6]
Chapter 4.
(./files.tex

LaTeX Warning: Reference `circular__edge__geometry_8hpp' on page 7 undefined on
 input line 3.


LaTeX Warning: Reference `compute__euclidean__distance_8hpp' on page 7 undefine
d on input line 4.


LaTeX Warning: Reference `compute__euclidean__distance__imp_8hpp' on page 7 und
efined on input line 5.


LaTeX Warning: Reference `data__structure_8hpp' on page 7 undefined on input li
ne 6.


LaTeX Warning: Reference `dijkstra_8hpp' on page 7 undefined on input line 7.


LaTeX Warning: Reference `dijkstra__imp_8hpp' on page 7 undefined on input line
 8.


LaTeX Warning: Reference `disjoint__components_8hpp' on page 7 undefined on inp
ut line 9.


LaTeX Warning: Reference `disjoint__components__imp_8hpp' on page 7 undefined o
n input line 10.


LaTeX Warning: Reference `edge__geometry_8hpp' on page 7 undefined on input lin
e 11.


LaTeX Warning: Reference `edge__property__max__flow_8hpp' on page 7 undefined o
n input line 12.


LaTeX Warning: Reference `Forma__edge__property_8hpp' on page 7 undefined on in
put line 13.


LaTeX Warning: Reference `Forma__vertex__property_8hpp' on page 7 undefined on 
input line 14.


LaTeX Warning: Reference `generic__edge__geometry_8hpp' on page 7 undefined on 
input line 15.


LaTeX Warning: Reference `generic__point_8hpp' on page 7 undefined on input lin
e 16.


LaTeX Warning: Reference `graph__builder_8hpp' on page 7 undefined on input lin
e 17.


LaTeX Warning: Reference `intersector__base__class_8hpp' on page 7 undefined on
 input line 18.


LaTeX Warning: Reference `io__graph_8hpp' on page 7 undefined on input line 19.



LaTeX Warning: Reference `io__graph__imp_8hpp' on page 7 undefined on input lin
e 20.


LaTeX Warning: Reference `maximum__flow_8hpp' on page 7 undefined on input line
 21.


LaTeX Warning: Reference `maximum__flow__imp_8hpp' on page 7 undefined on input
 line 22.


LaTeX Warning: Reference `new__reader__class_8hpp' on page 7 undefined on input
 line 23.


LaTeX Warning: Reference `new__reader__Zunino_8hpp' on page 7 undefined on inpu
t line 24.


LaTeX Warning: Reference `our__disjoint__sets_8hpp' on page 7 undefined on inpu
t line 25.

[7

]

LaTeX Warning: Reference `reader__base__class_8hpp' on page 8 undefined on inpu
t line 26.


LaTeX Warning: Reference `reader__Formaggia__class_8hpp' on page 8 undefined on
 input line 27.


LaTeX Warning: Reference `reader__Zunino__class_8hpp' on page 8 undefined on in
put line 28.


LaTeX Warning: Reference `topological__distance_8hpp' on page 8 undefined on in
put line 29.


LaTeX Warning: Reference `topological__distance__imp_8hpp' on page 8 undefined 
on input line 30.


LaTeX Warning: Reference `Zunino__edge__property_8hpp' on page 8 undefined on i
nput line 31.


LaTeX Warning: Reference `main__Formaggia_8cpp' on page 8 undefined on input li
ne 32.


LaTeX Warning: Reference `main__Zunino_8cpp' on page 8 undefined on input line 
33.

) [8]
Chapter 5.
(./classcircular__edge__geometry.tex
LaTeX Font Info:    Font shape `T1/ptm/bx/n' in size <12> not available
(Font)              Font shape `T1/ptm/b/n' tried instead on input line 5.
LaTeX Font Info:    Try loading font information for TS1+ptm on input line 8.

(/usr/share/texmf/tex/latex/psnfss/ts1ptm.fd
File: ts1ptm.fd 2001/06/04 font definitions for TS1/ptm.
)) [9

]
\openout2 = `structdata__structure.aux'.

 (./structdata__structure.tex
LaTeX Font Info:    External font `cmex10' loaded for size
(Font)              <14.4> on input line 4.

Underfull \hbox (badness 1472) in paragraph at lines 4--4
[]\T1/ptm/b/n/14.4 data_-structure$\OML/cmm/m/it/14.4 <$ \T1/ptm/b/n/14.4 Edge_
-data_-structure, Vertex_-data_-structure
 []


Package hyperref Warning: Token not allowed in a PDFDocEncoded string,
(hyperref)                removing `math shift' on input line 4.


Package hyperref Warning: Token not allowed in a PDFDocEncoded string,
(hyperref)                removing `math shift' on input line 4.


Package hyperref Warning: Token not allowed in a PDFDocEncoded string,
(hyperref)                removing `math shift' on input line 4.


Package hyperref Warning: Token not allowed in a PDFDocEncoded string,
(hyperref)                removing `math shift' on input line 4.

LaTeX Font Info:    Try loading font information for T1+pcr on input line 10.
(/usr/share/texmf/tex/latex/psnfss/t1pcr.fd
File: t1pcr.fd 2001/06/04 font definitions for T1/pcr.
)
Underfull \hbox (badness 10000) in paragraph at lines 31--31
[]\T1/ptm/b/n/10 template$\OML/cmm/m/it/10 <$\T1/ptm/b/n/10 typename Edge_-data
_-structure, type-name Vertex_-data_-structure$\OML/cmm/m/it/10 >$ \T1/ptm/b/n/
10 class data_-
 []

LaTeX Font Info:    Font shape `T1/ptm/bx/it' in size <10> not available
(Font)              Font shape `T1/ptm/b/it' tried instead on input line 35.
) [10

]
\openout2 = `structedge__data__structure.aux'.

 (./structedge__data__structure.tex

Package hyperref Warning: Token not allowed in a PDFDocEncoded string,
(hyperref)                removing `math shift' on input line 4.


Package hyperref Warning: Token not allowed in a PDFDocEncoded string,
(hyperref)                removing `math shift' on input line 4.


Package hyperref Warning: Token not allowed in a PDFDocEncoded string,
(hyperref)                removing `math shift' on input line 4.


Package hyperref Warning: Token not allowed in a PDFDocEncoded string,
(hyperref)                removing `math shift' on input line 4.

) [11


]
\openout2 = `classBGLgeom_1_1edge__geometry.aux'.

 (./classBGLgeom_1_1edge__geometry.tex

Package hyperref Warning: Token not allowed in a PDFDocEncoded string,
(hyperref)                removing `math shift' on input line 4.


Package hyperref Warning: Token not allowed in a PDFDocEncoded string,
(hyperref)                removing `math shift' on input line 4.


Package hyperref Warning: Token not allowed in a PDFDocEncoded string,
(hyperref)                removing `math shift' on input line 4.


Package hyperref Warning: Token not allowed in a PDFDocEncoded string,
(hyperref)                removing `math shift' on input line 4.

<classBGLgeom_1_1edge__geometry.pdf, id=223, 501.875pt x 154.42694pt>
File: classBGLgeom_1_1edge__geometry.pdf Graphic file (type pdf)

<use classBGLgeom_1_1edge__geometry.pdf>) [12


 <./classBGLgeom_1_1edge__geometry.pdf>]
\openout2 = `classedge__parametrization.aux'.

 (./classedge__parametrization.tex) [13


]
\openout2 = `structedge__prop__max__flow__t.aux'.


(./structedge__prop__max__flow__t.tex) [14


]
\openout2 = `classfinal.aux'.

 (./classfinal.tex

Package hyperref Warning: Token not allowed in a PDFDocEncoded string,
(hyperref)                removing `math shift' on input line 4.


Package hyperref Warning: Token not allowed in a PDFDocEncoded string,
(hyperref)                removing `math shift' on input line 4.


Package hyperref Warning: Token not allowed in a PDFDocEncoded string,
(hyperref)                removing `math shift' on input line 4.


Package hyperref Warning: Token not allowed in a PDFDocEncoded string,
(hyperref)                removing `math shift' on input line 4.

<classfinal.pdf, id=256, 501.875pt x 64.03925pt>
File: classfinal.pdf Graphic file (type pdf)
 <use classfinal.pdf> [15


pdfTeX warning (ext4): destination with the same identifier (name{classfinal_a7
1a55ce0e3a3e740da4d8958b2ce3b2a}) has been already used, duplicate ignored
<to be read again> 
                   \endgroup \set@typeset@protect 
l.101 \begin{DoxyCompactList}\small\item\em
                                            It assigns properties to new\_\-...
pdfTeX warning (ext4): destination with the same identifier (name{classfinal_a7
a618f6a143db77a7ea54d7cd11ae607}) has been already used, duplicate ignored
<to be read again> 
                   \endgroup \set@typeset@protect 
l.101 \begin{DoxyCompactList}\small\item\em
                                            It assigns properties to new\_\-...
 <./classfinal.pdf>]pdfTeX warning (ext4): destination with the same identifier
 (name{classfinal_a1a4095a2c11236175b4e29557704554c}) has been already used, du
plicate ignored
<to be read again> 
                   \relax 
l.168 ...rom\_\-line} (std::istringstream \&temp)}
                                                   [16pdfTeX warning (ext4): de
stination with the same identifier (name{classfinal_aa255f95f3c187ac566dc1160dd
e9db2f}) has been already used, duplicate ignored
<to be read again> 
                   \endgroup \set@typeset@protect 
l.181 ...es to new\_\-source just added. \item\end
                                                  {DoxyCompactList}\item]pdfTeX
 warning (ext4): destination with the same identifier (name{classfinal_a9718056
7f0bdc0d6883e8f19bee5e3f3}) has been already used, duplicate ignored
<to be read again> 
                   \relax 
l.183 ...{give\_\-new\_\-target\_\-properties} ()}
                                                  pdfTeX warning (ext4): destin
ation with the same identifier (name{classfinal_af1ee4d51186fa9bc163acaf7825872
06}) has been already used, duplicate ignored
<to be read again> 
                   \relax 
l.188 ...6}{give\_\-new\_\-edge\_\-properties} ()}
                                                  ) [17pdfTeX warning (ext4): d
estination with the same identifier (name{classfinal_ae29bd829f7aad36aeb6f5dd40
6a4c46b}) has been already used, duplicate ignored
<to be read again> 
                   \endgroup \set@typeset@protect 
l.70 \include{classfinal}
                         ]
\openout2 = `structForma__edge__property__t.aux'.

 (./structForma__edge__property__t.tex) [18


]
\openout2 = `structForma__vertex__property__t.aux'.


(./structForma__vertex__property__t.tex) [19


]
\openout2 = `classBGLgeom_1_1generic__edge__geometry.aux'.


(./classBGLgeom_1_1generic__edge__geometry.tex

Package hyperref Warning: Token not allowed in a PDFDocEncoded string,
(hyperref)                removing `math shift' on input line 4.


Package hyperref Warning: Token not allowed in a PDFDocEncoded string,
(hyperref)                removing `math shift' on input line 4.


Package hyperref Warning: Token not allowed in a PDFDocEncoded string,
(hyperref)                removing `math shift' on input line 4.


Package hyperref Warning: Token not allowed in a PDFDocEncoded string,
(hyperref)                removing `math shift' on input line 4.


<classBGLgeom_1_1generic__edge__geometry.pdf, id=369, 501.875pt x 154.42694pt>
File: classBGLgeom_1_1generic__edge__geometry.pdf Graphic file (type pdf)

<use classBGLgeom_1_1generic__edge__geometry.pdf>
LaTeX Font Info:    External font `cmex10' loaded for size
(Font)              <9> on input line 15.
LaTeX Font Info:    External font `cmex10' loaded for size
(Font)              <6> on input line 15.
LaTeX Font Info:    Font shape `T1/pcr/bx/n' in size <10> not available
(Font)              Font shape `T1/pcr/b/n' tried instead on input line 38.
 [20


 <./classBGLgeom_1_1generic__edge__geometry.pdf>]) [21]
\openout2 = `structGeometry_1_1Intersection.aux'.

 (./structGeometry_1_1Intersection.tex
Underfull \hbox (badness 5548) in paragraph at lines 21--23
[]\T1/ptm/m/n/10 std::array$\OML/cmm/m/it/10 <$ \T1/ptm/m/n/10 point$\OML/cmm/m
/it/10 <$ \T1/ptm/m/n/10 2 $\OML/cmm/m/it/10 >$\T1/ptm/m/n/10 , 2 $\OML/cmm/m/i
t/10 >$ [][]\T1/ptm/m/n/10 in-ter-sec-tion-Point[][] = std::array$\OML/cmm/m/it
/10 <$\T1/ptm/m/n/10 point$\OML/cmm/m/it/10 <$\T1/ptm/m/n/10 2$\OML/cmm/m/it/10
 >$\T1/ptm/m/n/10 ,2$\OML/cmm/m/it/10 >$\T1/ptm/m/n/10 {point$\OML/cmm/m/it/10 
<$\T1/ptm/m/n/10 2$\OML/cmm/m/it/10 >$\T1/ptm/m/n/10 (),
 []

[22


]) [23]
\openout2 = `classintersector__base__class.aux'.

 (./classintersector__base__class.tex

Package hyperref Warning: Token not allowed in a PDFDocEncoded string,
(hyperref)                removing `math shift' on input line 4.


Package hyperref Warning: Token not allowed in a PDFDocEncoded string,
(hyperref)                removing `math shift' on input line 4.


Package hyperref Warning: Token not allowed in a PDFDocEncoded string,
(hyperref)                removing `math shift' on input line 4.


Package hyperref Warning: Token not allowed in a PDFDocEncoded string,
(hyperref)                removing `math shift' on input line 4.

<classintersector__base__class.pdf, id=450, 501.875pt x 192.10771pt>
File: classintersector__base__class.pdf Graphic file (type pdf)

<use classintersector__base__class.pdf> [24


 <./classintersector__base__class.pdf>]) [25]
\openout2 = `classGeometry_1_1Linear__edge.aux'.

 (./classGeometry_1_1Linear__edge.tex) [26


]
\openout2 = `structmy__edge.aux'.

 (./structmy__edge.tex)
[27


]
\openout2 = `classnew__reader__class.aux'.

 (./classnew__reader__class.tex
Underfull \hbox (badness 10000) in paragraph at lines 4--4
[]\T1/ptm/b/n/14.4 new_-reader_-class$\OML/cmm/m/it/14.4 <$ \T1/ptm/b/n/14.4 So
urce_-data_-structure, Target_-data_-
 []


Package hyperref Warning: Token not allowed in a PDFDocEncoded string,
(hyperref)                removing `math shift' on input line 4.


Package hyperref Warning: Token not allowed in a PDFDocEncoded string,
(hyperref)                removing `math shift' on input line 4.


Package hyperref Warning: Token not allowed in a PDFDocEncoded string,
(hyperref)                removing `math shift' on input line 4.


Package hyperref Warning: Token not allowed in a PDFDocEncoded string,
(hyperref)                removing `math shift' on input line 4.

[28


]

Package Fancyhdr Warning: \headheight is too small (12.0pt): 
 Make it at least 22.48999pt.
 We now make it that large for the rest of the document.
 This may cause the page layout to be inconsistent, however.

[29]) [30]
\openout2 = `structno__topological__data.aux'.

 (./structno__topological__data.tex) [31


]
\openout2 = `classour__disjoint__sets.aux'.


(./classour__disjoint__sets.tex

Package hyperref Warning: Token not allowed in a PDFDocEncoded string,
(hyperref)                removing `math shift' on input line 4.


Package hyperref Warning: Token not allowed in a PDFDocEncoded string,
(hyperref)                removing `math shift' on input line 4.


Package hyperref Warning: Token not allowed in a PDFDocEncoded string,
(hyperref)                removing `math shift' on input line 4.


Package hyperref Warning: Token not allowed in a PDFDocEncoded string,
(hyperref)                removing `math shift' on input line 4.

[32


]
Underfull \hbox (badness 1472) in paragraph at lines 114--116
[]\T1/ptm/m/n/10 void [][]insert_-vertex_-in_-component[][] (Comp_-mapped_-vert
ex_-t const &ver-tex, Components_-key_-
 []

) [33]
\openout2 = `classBGLgeom_1_1point.aux'.

 (./classBGLgeom_1_1point.tex

Package hyperref Warning: Token not allowed in a PDFDocEncoded string,
(hyperref)                removing `math shift' on input line 4.


Package hyperref Warning: Token not allowed in a PDFDocEncoded string,
(hyperref)                removing `math shift' on input line 4.


Package hyperref Warning: Token not allowed in a PDFDocEncoded string,
(hyperref)                removing `math shift' on input line 4.


Package hyperref Warning: Token not allowed in a PDFDocEncoded string,
(hyperref)                removing `math shift' on input line 4.

[34


] [35]) [36]
\openout2 = `classreader__base__class.aux'.

 (./classreader__base__class.tex

Package hyperref Warning: Token not allowed in a PDFDocEncoded string,
(hyperref)                removing `math shift' on input line 4.


Package hyperref Warning: Token not allowed in a PDFDocEncoded string,
(hyperref)                removing `math shift' on input line 4.


Package hyperref Warning: Token not allowed in a PDFDocEncoded string,
(hyperref)                removing `math shift' on input line 4.


Package hyperref Warning: Token not allowed in a PDFDocEncoded string,
(hyperref)                removing `math shift' on input line 4.

<classreader__base__class.pdf, id=784, 501.875pt x 107.35106pt>
File: classreader__base__class.pdf Graphic file (type pdf)

<use classreader__base__class.pdf> [37


 <./classreader__base__class.pdf>]
[38]) [39]
\openout2 = `structvertex__data__structure.aux'.

 (./structvertex__data__structure.tex

Package hyperref Warning: Token not allowed in a PDFDocEncoded string,
(hyperref)                removing `math shift' on input line 4.


Package hyperref Warning: Token not allowed in a PDFDocEncoded string,
(hyperref)                removing `math shift' on input line 4.


Package hyperref Warning: Token not allowed in a PDFDocEncoded string,
(hyperref)                removing `math shift' on input line 4.


Package hyperref Warning: Token not allowed in a PDFDocEncoded string,
(hyperref)                removing `math shift' on input line 4.

) [40


]
\openout2 = `structZunino__edge__data.aux'.

 (./structZunino__edge__data.tex) [41


]
\openout2 = `structZunino__edge__property__t.aux'.


(./structZunino__edge__property__t.tex) [42


]
\openout2 = `classZunino__reader.aux'.

 (./classZunino__reader.tex
Underfull \hbox (badness 4954) in paragraph at lines 4--4
[]\T1/ptm/b/n/14.4 Zunino_-reader$\OML/cmm/m/it/14.4 <$ \T1/ptm/b/n/14.4 Zunino
_-source_-data, Zunino_-target_-data,
 []


Package hyperref Warning: Token not allowed in a PDFDocEncoded string,
(hyperref)                removing `math shift' on input line 4.


Package hyperref Warning: Token not allowed in a PDFDocEncoded string,
(hyperref)                removing `math shift' on input line 4.


Package hyperref Warning: Token not allowed in a PDFDocEncoded string,
(hyperref)                removing `math shift' on input line 4.


Package hyperref Warning: Token not allowed in a PDFDocEncoded string,
(hyperref)                removing `math shift' on input line 4.

<classZunino__reader.pdf, id=893, 501.875pt x 62.05182pt>
File: classZunino__reader.pdf Graphic file (type pdf)

<use classZunino__reader.pdf>)

Package Fancyhdr Warning: \headheight is too small (12.0pt): 
 Make it at least 22.48999pt.
 We now make it that large for the rest of the document.
 This may cause the page layout to be inconsistent, however.

[43


 <./classZunino__reader.pdf>]
\openout2 = `structZunino__source__data.aux'.

 (./structZunino__source__data.tex) [44


]
\openout2 = `structZunino__target__data.aux'.


(./structZunino__target__data.tex) [45


]
\openout2 = `structZunino__topological__data.aux'.

 (./structZunino__topological__data.tex) [46


]
Chapter 6.
(./compute__euclidean__distance_8hpp.tex
LaTeX Font Info:    External font `cmex10' loaded for size
(Font)              <8> on input line 13.
) [47


]
\openout2 = `data__structure_8hpp.aux'.

 (./data__structure_8hpp.tex)
[48

]
\openout2 = `dijkstra_8hpp.aux'.

 (./dijkstra_8hpp.tex) [49


]
\openout2 = `dijkstra__imp_8hpp.aux'.

 (./dijkstra__imp_8hpp.tex) [50


]
\openout2 = `disjoint__components_8hpp.aux'.


(./disjoint__components_8hpp.tex) [51


]
\openout2 = `disjoint__components__imp_8hpp.aux'.

 (./disjoint__components__imp_8hpp.tex)
[52


]
\openout2 = `edge__geometry_8hpp.aux'.

 (./edge__geometry_8hpp.tex) [53


]
\openout2 = `Forma__edge__property_8hpp.aux'.

 (./Forma__edge__property_8hpp.tex)
[54


]
\openout2 = `Forma__vertex__property_8hpp.aux'.

 (./Forma__vertex__property_8hpp.tex) [55


]
\openout2 = `generic__edge__geometry_8hpp.aux'.


(./generic__edge__geometry_8hpp.tex) [56


]
\openout2 = `generic__point_8hpp.aux'.

 (./generic__point_8hpp.tex) [57


]
\openout2 = `graph__builder_8hpp.aux'.


(./graph__builder_8hpp.tex
Underfull \hbox (badness 5862) in paragraph at lines 15--17
\T1/ptm/m/n/10 void [][]give_-source_-properties[][] (Source_-data_-structure c
onst &D, boost::graph_-traits$\OML/cmm/m/it/10 <$ \T1/ptm/m/n/10 Graph
 []


Underfull \hbox (badness 10000) in paragraph at lines 20--22
\T1/ptm/m/n/10 void [][]give_-target_-properties[][] (Target_-data_-structure c
onst &D, boost::graph_-traits$\OML/cmm/m/it/10 <$ \T1/ptm/m/n/10 Graph
 []

) [58


]
\openout2 = `intersector__base__class_8hpp.aux'.

 (./intersector__base__class_8hpp.tex
Underfull \hbox (badness 1755) in paragraph at lines 35--36
\T1/ptm/m/n/10 Intersection [][]Geometry::compute_-intersection[][] (Linear_-ed
ge const &Edge1, Linear_-edge const
 []

[59


]) [60]
\openout2 = `io__graph_8hpp.aux'.

 (./io__graph_8hpp.tex [61


]
Underfull \hbox (badness 3199) in paragraph at lines 45--46
\T1/ptm/m/n/10 void [][]refine_-graph[][] (Graph &G, type-name std::vector$\OML
/cmm/m/it/10 <$ \T1/ptm/m/n/10 std::pair$\OML/cmm/m/it/10 <$ \T1/ptm/m/n/10 poi
nt$\OML/cmm/m/it/10 <$ \T1/ptm/m/n/10 2 $\OML/cmm/m/it/10 >$\T1/ptm/m/n/10 , ty
pe-name
 []


Underfull \hbox (badness 3009) in paragraph at lines 45--46
\T1/ptm/m/n/10 boost::graph_-traits$\OML/cmm/m/it/10 <$ \T1/ptm/m/n/10 Graph $\
OML/cmm/m/it/10 >$\T1/ptm/m/n/10 ::edge_-descriptor $\OML/cmm/m/it/10 >$ $>$ \T
1/ptm/m/n/10 const &vect, int frac_-number, type-
 []

[62] [63]) [64]
\openout2 = `io__graph__imp_8hpp.aux'.

 (./io__graph__imp_8hpp.tex
Underfull \hbox (badness 3199) in paragraph at lines 24--25
\T1/ptm/m/n/10 void [][]refine_-graph[][] (Graph &G, type-name std::vector$\OML
/cmm/m/it/10 <$ \T1/ptm/m/n/10 std::pair$\OML/cmm/m/it/10 <$ \T1/ptm/m/n/10 poi
nt$\OML/cmm/m/it/10 <$ \T1/ptm/m/n/10 2 $\OML/cmm/m/it/10 >$\T1/ptm/m/n/10 , ty
pe-name
 []


Underfull \hbox (badness 3009) in paragraph at lines 24--25
\T1/ptm/m/n/10 boost::graph_-traits$\OML/cmm/m/it/10 <$ \T1/ptm/m/n/10 Graph $\
OML/cmm/m/it/10 >$\T1/ptm/m/n/10 ::edge_-descriptor $\OML/cmm/m/it/10 >$ $>$ \T
1/ptm/m/n/10 const &vect, int frac_-number, type-
 []

[65


] [66]) [67]
\openout2 = `maximum__flow_8hpp.aux'.

 (./maximum__flow_8hpp.tex
Underfull \hbox (badness 1460) in paragraph at lines 20--21
\T1/ptm/m/n/10 double [][]maximum_-flow[][] (Graph const &G, type-name boost::g
raph_-traits$\OML/cmm/m/it/10 <$ \T1/ptm/m/n/10 Graph $\OML/cmm/m/it/10 >$\T1/p
tm/m/n/10 ::vertex_-
 []


Underfull \hbox (badness 1400) in paragraph at lines 24--25
\T1/ptm/m/n/10 void [][]store_-residual_-capacity[][] (Graph const &G, Flow_-Gr
aph const &FG, std::map$\OML/cmm/m/it/10 <$ \T1/ptm/m/n/10 Edge_-
 []


Underfull \vbox (badness 1762) has occurred while \output is active []

 [68


])
[69]
\openout2 = `maximum__flow__imp_8hpp.aux'.

 (./maximum__flow__imp_8hpp.tex
Underfull \hbox (badness 1460) in paragraph at lines 11--12
\T1/ptm/m/n/10 double [][]maximum_-flow[][] (Graph const &G, type-name boost::g
raph_-traits$\OML/cmm/m/it/10 <$ \T1/ptm/m/n/10 Graph $\OML/cmm/m/it/10 >$\T1/p
tm/m/n/10 ::vertex_-
 []


Underfull \hbox (badness 1400) in paragraph at lines 15--16
\T1/ptm/m/n/10 void [][]store_-residual_-capacity[][] (Graph const &G, Flow_-Gr
aph const &FG, std::map$\OML/cmm/m/it/10 <$ \T1/ptm/m/n/10 Edge_-
 []

[70


]) [71]
\openout2 = `new__reader__class_8hpp.aux'.

 (./new__reader__class_8hpp.tex
Underfull \hbox (badness 5475) in paragraph at lines 19--20
[]\T1/ptm/m/n/10 class [][]new_-reader_-class$\OML/cmm/m/it/10 <$ \T1/ptm/m/n/1
0 Source_-data_-structure, Target_-data_-structure, Edge_-data_-structure,
 []

) [72


]
\openout2 = `new__reader__Zunino_8hpp.aux'.

 (./new__reader__Zunino_8hpp.tex
Underfull \hbox (badness 1668) in paragraph at lines 21--22
[]\T1/ptm/m/n/10 class [][]Zunino_-reader$\OML/cmm/m/it/10 <$ \T1/ptm/m/n/10 Zu
nino_-source_-data, Zunino_-target_-data, Zunino_-edge_-data, Zunino_-
 []

) [73


]
\openout2 = `our__disjoint__sets_8hpp.aux'.

 (./our__disjoint__sets_8hpp.tex) [74


]
\openout2 = `reader__base__class_8hpp.aux'.

 (./reader__base__class_8hpp.tex)
[75


]
\openout2 = `reader__Formaggia__class_8hpp.aux'.

 (./reader__Formaggia__class_8hpp.tex) [76


]
\openout2 = `reader__Zunino__class_8hpp.aux'.


(./reader__Zunino__class_8hpp.tex) [77


]
\openout2 = `topological__distance_8hpp.aux'.

 (./topological__distance_8hpp.tex)
[78


]
\openout2 = `topological__distance__imp_8hpp.aux'.

 (./topological__distance__imp_8hpp.tex
Underfull \hbox (badness 4366) in paragraph at lines 7--8
\T1/ptm/m/n/10 Computes topo-log-i-cal dis-tance. . \T1/pcr/m/n/10 #include $\O
ML/cmm/m/it/10 <$\T1/pcr/m/n/10 boost/graph/dijkstra_-shortest_-
 []

) [79


]
\openout2 = `Zunino__edge__property_8hpp.aux'.

 (./Zunino__edge__property_8hpp.tex) [80


]
\openout2 = `main__Formaggia_8cpp.aux'.

 (./main__Formaggia_8cpp.tex)
[81


]
\openout2 = `main__Zunino_8cpp.aux'.

 (./main__Zunino_8cpp.tex) [82


]
No file refman.ind.
(./refman.aux (./structdata__structure.aux) (./structedge__data__structure.aux)
(./classBGLgeom_1_1edge__geometry.aux) (./classedge__parametrization.aux)
(./structedge__prop__max__flow__t.aux) (./classfinal.aux)
(./structForma__edge__property__t.aux) (./structForma__vertex__property__t.aux)
(./classBGLgeom_1_1generic__edge__geometry.aux)
(./structGeometry_1_1Intersection.aux) (./classintersector__base__class.aux)
(./classGeometry_1_1Linear__edge.aux) (./structmy__edge.aux)
(./classnew__reader__class.aux) (./structno__topological__data.aux)
(./classour__disjoint__sets.aux) (./classBGLgeom_1_1point.aux)
(./classreader__base__class.aux) (./structvertex__data__structure.aux)
(./structZunino__edge__data.aux) (./structZunino__edge__property__t.aux)
(./classZunino__reader.aux) (./structZunino__source__data.aux)
(./structZunino__target__data.aux) (./structZunino__topological__data.aux)
(./data__structure_8hpp.aux) (./dijkstra_8hpp.aux) (./dijkstra__imp_8hpp.aux)
(./disjoint__components_8hpp.aux) (./disjoint__components__imp_8hpp.aux)
(./edge__geometry_8hpp.aux) (./Forma__edge__property_8hpp.aux)
(./Forma__vertex__property_8hpp.aux) (./generic__edge__geometry_8hpp.aux)
(./generic__point_8hpp.aux) (./graph__builder_8hpp.aux)
(./intersector__base__class_8hpp.aux) (./io__graph_8hpp.aux)
(./io__graph__imp_8hpp.aux) (./maximum__flow_8hpp.aux)
(./maximum__flow__imp_8hpp.aux) (./new__reader__class_8hpp.aux)
(./new__reader__Zunino_8hpp.aux) (./our__disjoint__sets_8hpp.aux)
(./reader__base__class_8hpp.aux) (./reader__Formaggia__class_8hpp.aux)
(./reader__Zunino__class_8hpp.aux) (./topological__distance_8hpp.aux)
(./topological__distance__imp_8hpp.aux) (./Zunino__edge__property_8hpp.aux)
(./main__Formaggia_8cpp.aux) (./main__Zunino_8cpp.aux))

LaTeX Warning: There were undefined references.


LaTeX Warning: Label(s) may have changed. Rerun to get cross-references right.

 ) 
Here is how much of TeX's memory you used:
 7445 strings out of 256216
 124951 string characters out of 1917072
 147225 words of memory out of 1500000
 9785 multiletter control sequences out of 10000+200000
 49560 words of font info for 62 fonts, out of 1200000 for 2000
 645 hyphenation exceptions out of 8191
 33i,13n,58p,684b,519s stack positions out of 5000i,500n,6000p,200000b,15000s
pdfTeX warning (dest): name{namespaceGeometry_afc7c4cee06b18c000b841a6aede076
7c} has been referenced but does not exist, replaced by a fixed one

{/usr/share/texmf/fonts/enc/dvips/base/8r.enc}</usr/share/texmf/fonts/type1/blu
esky/cm/cmmi10.pfb></usr/share/texmf/fonts/type1/bluesky/cm/cmmi12.pfb></usr/sh
are/texmf/fonts/type1/bluesky/cm/cmmi8.pfb></usr/share/texmf/fonts/type1/bluesk
y/cm/cmmi9.pfb></usr/share/texmf/fonts/type1/bluesky/cm/cmsy10.pfb></usr/share/
texmf/fonts/type1/bluesky/cm/cmsy6.pfb></usr/share/texmf/fonts/type1/bluesky/cm
/cmsy7.pfb></usr/share/texmf/fonts/type1/bluesky/cm/cmsy9.pfb></usr/share/texmf
/fonts/type1/urw/courier/ucrb8a.pfb></usr/share/texmf/fonts/type1/urw/courier/u
crr8a.pfb></usr/share/texmf/fonts/type1/urw/times/utmb8a.pfb></usr/share/texmf/
fonts/type1/urw/times/utmbi8a.pfb></usr/share/texmf/fonts/type1/urw/times/utmr8
a.pfb></usr/share/texmf/fonts/type1/urw/times/utmri8a.pfb>
Output written on refman.pdf (86 pages, 410164 bytes).
PDF statistics:
 1488 PDF objects out of 1728 (max. 8388607)
 607 named destinations out of 1000 (max. 131072)
 47 words of extra memory for PDF output out of 10000 (max. 10000000)

