\BOOKMARK [0][-]{chapter.1}{\376\377\000T\000o\000d\000o\000\040\000L\000i\000s\000t}{}
\BOOKMARK [0][-]{chapter.2}{\376\377\000C\000l\000a\000s\000s\000\040\000I\000n\000d\000e\000x}{}
\BOOKMARK [1][-]{section.2.1}{\376\377\000C\000l\000a\000s\000s\000\040\000H\000i\000e\000r\000a\000r\000c\000h\000y}{chapter.2}
\BOOKMARK [0][-]{chapter.3}{\376\377\000C\000l\000a\000s\000s\000\040\000I\000n\000d\000e\000x}{}
\BOOKMARK [1][-]{section.3.1}{\376\377\000C\000l\000a\000s\000s\000\040\000L\000i\000s\000t}{chapter.3}
\BOOKMARK [0][-]{chapter.4}{\376\377\000F\000i\000l\000e\000\040\000I\000n\000d\000e\000x}{}
\BOOKMARK [1][-]{section.4.1}{\376\377\000F\000i\000l\000e\000\040\000L\000i\000s\000t}{chapter.4}
\BOOKMARK [0][-]{chapter.5}{\376\377\000C\000l\000a\000s\000s\000\040\000D\000o\000c\000u\000m\000e\000n\000t\000a\000t\000i\000o\000n}{}
\BOOKMARK [1][-]{section.5.1}{\376\377\000c\000i\000r\000c\000u\000l\000a\000r\000\137\000e\000d\000g\000e\000\137\000g\000e\000o\000m\000e\000t\000r\000y\000\040\000C\000l\000a\000s\000s\000\040\000R\000e\000f\000e\000r\000e\000n\000c\000e}{chapter.5}
\BOOKMARK [1][-]{section.5.2}{\376\377\000d\000a\000t\000a\000\137\000s\000t\000r\000u\000c\000t\000u\000r\000e\000<\000\040\000E\000d\000g\000e\000\137\000d\000a\000t\000a\000\137\000s\000t\000r\000u\000c\000t\000u\000r\000e\000,\000\040\000V\000e\000r\000t\000e\000x\000\137\000d\000a\000t\000a\000\137\000s\000t\000r\000u\000c\000t\000u\000r\000e\000\040\000>\000\040\000C\000l\000a\000s\000s\000\040\000T\000e\000m\000p\000l\000a\000t\000e\000\040\000R\000e\000f\000e\000r\000e\000n\000c\000e}{chapter.5}
\BOOKMARK [2][-]{subsection.5.2.1}{\376\377\000D\000e\000t\000a\000i\000l\000e\000d\000\040\000D\000e\000s\000c\000r\000i\000p\000t\000i\000o\000n}{section.5.2}
\BOOKMARK [1][-]{section.5.3}{\376\377\000e\000d\000g\000e\000\137\000d\000a\000t\000a\000\137\000s\000t\000r\000u\000c\000t\000u\000r\000e\000<\000\040\000d\000i\000m\000\040\000>\000\040\000S\000t\000r\000u\000c\000t\000\040\000T\000e\000m\000p\000l\000a\000t\000e\000\040\000R\000e\000f\000e\000r\000e\000n\000c\000e}{chapter.5}
\BOOKMARK [1][-]{section.5.4}{\376\377\000B\000G\000L\000g\000e\000o\000m\000:\000:\000e\000d\000g\000e\000\137\000g\000e\000o\000m\000e\000t\000r\000y\000<\000\040\000d\000i\000m\000\040\000>\000\040\000C\000l\000a\000s\000s\000\040\000T\000e\000m\000p\000l\000a\000t\000e\000\040\000R\000e\000f\000e\000r\000e\000n\000c\000e}{chapter.5}
\BOOKMARK [1][-]{section.5.5}{\376\377\000e\000d\000g\000e\000\137\000p\000a\000r\000a\000m\000e\000t\000r\000i\000z\000a\000t\000i\000o\000n\000\040\000C\000l\000a\000s\000s\000\040\000R\000e\000f\000e\000r\000e\000n\000c\000e}{chapter.5}
\BOOKMARK [2][-]{subsection.5.5.1}{\376\377\000D\000e\000t\000a\000i\000l\000e\000d\000\040\000D\000e\000s\000c\000r\000i\000p\000t\000i\000o\000n}{section.5.5}
\BOOKMARK [1][-]{section.5.6}{\376\377\000e\000d\000g\000e\000\137\000p\000r\000o\000p\000\137\000m\000a\000x\000\137\000f\000l\000o\000w\000\137\000t\000\040\000S\000t\000r\000u\000c\000t\000\040\000R\000e\000f\000e\000r\000e\000n\000c\000e}{chapter.5}
\BOOKMARK [1][-]{section.5.7}{\376\377\000f\000i\000n\000a\000l\000<\000\040\000G\000r\000a\000p\000h\000\040\000>\000\040\000C\000l\000a\000s\000s\000\040\000T\000e\000m\000p\000l\000a\000t\000e\000\040\000R\000e\000f\000e\000r\000e\000n\000c\000e}{chapter.5}
\BOOKMARK [1][-]{section.5.8}{\376\377\000F\000o\000r\000m\000a\000\137\000e\000d\000g\000e\000\137\000p\000r\000o\000p\000e\000r\000t\000y\000\137\000t\000\040\000S\000t\000r\000u\000c\000t\000\040\000R\000e\000f\000e\000r\000e\000n\000c\000e}{chapter.5}
\BOOKMARK [1][-]{section.5.9}{\376\377\000F\000o\000r\000m\000a\000\137\000v\000e\000r\000t\000e\000x\000\137\000p\000r\000o\000p\000e\000r\000t\000y\000\137\000t\000\040\000S\000t\000r\000u\000c\000t\000\040\000R\000e\000f\000e\000r\000e\000n\000c\000e}{chapter.5}
\BOOKMARK [2][-]{subsection.5.9.1}{\376\377\000D\000e\000t\000a\000i\000l\000e\000d\000\040\000D\000e\000s\000c\000r\000i\000p\000t\000i\000o\000n}{section.5.9}
\BOOKMARK [1][-]{section.5.10}{\376\377\000B\000G\000L\000g\000e\000o\000m\000:\000:\000g\000e\000n\000e\000r\000i\000c\000\137\000e\000d\000g\000e\000\137\000g\000e\000o\000m\000e\000t\000r\000y\000<\000\040\000d\000i\000m\000\040\000>\000\040\000C\000l\000a\000s\000s\000\040\000T\000e\000m\000p\000l\000a\000t\000e\000\040\000R\000e\000f\000e\000r\000e\000n\000c\000e}{chapter.5}
\BOOKMARK [2][-]{subsection.5.10.1}{\376\377\000C\000o\000n\000s\000t\000r\000u\000c\000t\000o\000r\000\040\000\046\000\040\000D\000e\000s\000t\000r\000u\000c\000t\000o\000r\000\040\000D\000o\000c\000u\000m\000e\000n\000t\000a\000t\000i\000o\000n}{section.5.10}
\BOOKMARK [3][-]{subsubsection.5.10.1.1}{\376\377\000g\000e\000n\000e\000r\000i\000c\000\137\000e\000d\000g\000e\000\137\000g\000e\000o\000m\000e\000t\000r\000y}{subsection.5.10.1}
\BOOKMARK [2][-]{subsection.5.10.2}{\376\377\000M\000e\000m\000b\000e\000r\000\040\000F\000u\000n\000c\000t\000i\000o\000n\000\040\000D\000o\000c\000u\000m\000e\000n\000t\000a\000t\000i\000o\000n}{section.5.10}
\BOOKMARK [3][-]{subsubsection.5.10.2.1}{\376\377\000f\000i\000r\000s\000t\000\137\000d\000e\000r\000i\000v\000a\000t\000i\000v\000e\000s}{subsection.5.10.2}
\BOOKMARK [3][-]{subsubsection.5.10.2.2}{\376\377\000v\000a\000l\000u\000e}{subsection.5.10.2}
\BOOKMARK [1][-]{section.5.11}{\376\377\000G\000e\000o\000m\000e\000t\000r\000y\000:\000:\000I\000n\000t\000e\000r\000s\000e\000c\000t\000i\000o\000n\000\040\000S\000t\000r\000u\000c\000t\000\040\000R\000e\000f\000e\000r\000e\000n\000c\000e}{chapter.5}
\BOOKMARK [2][-]{subsection.5.11.1}{\376\377\000D\000e\000t\000a\000i\000l\000e\000d\000\040\000D\000e\000s\000c\000r\000i\000p\000t\000i\000o\000n}{section.5.11}
\BOOKMARK [2][-]{subsection.5.11.2}{\376\377\000M\000e\000m\000b\000e\000r\000\040\000D\000a\000t\000a\000\040\000D\000o\000c\000u\000m\000e\000n\000t\000a\000t\000i\000o\000n}{section.5.11}
\BOOKMARK [3][-]{subsubsection.5.11.2.1}{\376\377\000e\000n\000d\000P\000o\000i\000n\000t\000I\000s\000I\000n\000t\000e\000r\000s\000e\000c\000t\000i\000o\000n}{subsection.5.11.2}
\BOOKMARK [3][-]{subsubsection.5.11.2.2}{\376\377\000i\000n\000t\000e\000r\000s\000e\000c\000t}{subsection.5.11.2}
\BOOKMARK [3][-]{subsubsection.5.11.2.3}{\376\377\000o\000t\000h\000e\000r\000E\000d\000g\000e\000P\000o\000i\000n\000t}{subsection.5.11.2}
\BOOKMARK [1][-]{section.5.12}{\376\377\000i\000n\000t\000e\000r\000s\000e\000c\000t\000o\000r\000\137\000b\000a\000s\000e\000\137\000c\000l\000a\000s\000s\000<\000\040\000G\000r\000a\000p\000h\000\040\000>\000\040\000C\000l\000a\000s\000s\000\040\000T\000e\000m\000p\000l\000a\000t\000e\000\040\000R\000e\000f\000e\000r\000e\000n\000c\000e}{chapter.5}
\BOOKMARK [1][-]{section.5.13}{\376\377\000G\000e\000o\000m\000e\000t\000r\000y\000:\000:\000L\000i\000n\000e\000a\000r\000\137\000e\000d\000g\000e\000\040\000C\000l\000a\000s\000s\000\040\000R\000e\000f\000e\000r\000e\000n\000c\000e}{chapter.5}
\BOOKMARK [2][-]{subsection.5.13.1}{\376\377\000D\000e\000t\000a\000i\000l\000e\000d\000\040\000D\000e\000s\000c\000r\000i\000p\000t\000i\000o\000n}{section.5.13}
\BOOKMARK [1][-]{section.5.14}{\376\377\000m\000y\000\137\000e\000d\000g\000e\000\040\000S\000t\000r\000u\000c\000t\000\040\000R\000e\000f\000e\000r\000e\000n\000c\000e}{chapter.5}
\BOOKMARK [1][-]{section.5.15}{\376\377\000n\000e\000w\000\137\000r\000e\000a\000d\000e\000r\000\137\000c\000l\000a\000s\000s\000<\000\040\000S\000o\000u\000r\000c\000e\000\137\000d\000a\000t\000a\000\137\000s\000t\000r\000u\000c\000t\000u\000r\000e\000,\000\040\000T\000a\000r\000g\000e\000t\000\137\000d\000a\000t\000a\000\137\000s\000t\000r\000u\000c\000t\000u\000r\000e\000,\000\040\000E\000d\000g\000e\000\137\000d\000a\000t\000a\000\137\000s\000t\000r\000u\000c\000t\000u\000r\000e\000,\000\040\000T\000o\000p\000o\000l\000o\000g\000i\000c\000a\000l\000\137\000d\000a\000t\000a\000\137\000s\000t\000r\000u\000c\000t\000u\000r\000e\000\040\000>\000\040\000C\000l\000a\000s\000s\000\040\000T\000e\000m\000p\000l\000a\000t\000e\000\040\000R\000e\000f\000e\000r\000e\000n\000c\000e}{chapter.5}
\BOOKMARK [2][-]{subsection.5.15.1}{\376\377\000D\000e\000t\000a\000i\000l\000e\000d\000\040\000D\000e\000s\000c\000r\000i\000p\000t\000i\000o\000n}{section.5.15}
\BOOKMARK [2][-]{subsection.5.15.2}{\376\377\000M\000e\000m\000b\000e\000r\000\040\000F\000u\000n\000c\000t\000i\000o\000n\000\040\000D\000o\000c\000u\000m\000e\000n\000t\000a\000t\000i\000o\000n}{section.5.15}
\BOOKMARK [3][-]{subsubsection.5.15.2.1}{\376\377\000i\000g\000n\000o\000r\000e\000\137\000d\000u\000m\000m\000y\000\137\000l\000i\000n\000e\000s}{subsection.5.15.2}
\BOOKMARK [3][-]{subsubsection.5.15.2.2}{\376\377\000s\000e\000t\000\137\000i\000n\000p\000u\000t}{subsection.5.15.2}
\BOOKMARK [1][-]{section.5.16}{\376\377\000n\000o\000\137\000t\000o\000p\000o\000l\000o\000g\000i\000c\000a\000l\000\137\000d\000a\000t\000a\000\040\000S\000t\000r\000u\000c\000t\000\040\000R\000e\000f\000e\000r\000e\000n\000c\000e}{chapter.5}
\BOOKMARK [2][-]{subsection.5.16.1}{\376\377\000D\000e\000t\000a\000i\000l\000e\000d\000\040\000D\000e\000s\000c\000r\000i\000p\000t\000i\000o\000n}{section.5.16}
\BOOKMARK [1][-]{section.5.17}{\376\377\000o\000u\000r\000\137\000d\000i\000s\000j\000o\000i\000n\000t\000\137\000s\000e\000t\000s\000<\000\040\000G\000r\000a\000p\000h\000\040\000>\000\040\000C\000l\000a\000s\000s\000\040\000T\000e\000m\000p\000l\000a\000t\000e\000\040\000R\000e\000f\000e\000r\000e\000n\000c\000e}{chapter.5}
\BOOKMARK [2][-]{subsection.5.17.1}{\376\377\000D\000e\000t\000a\000i\000l\000e\000d\000\040\000D\000e\000s\000c\000r\000i\000p\000t\000i\000o\000n}{section.5.17}
\BOOKMARK [1][-]{section.5.18}{\376\377\000B\000G\000L\000g\000e\000o\000m\000:\000:\000p\000o\000i\000n\000t\000<\000\040\000d\000i\000m\000,\000\040\000S\000t\000o\000r\000a\000g\000e\000\137\000t\000\040\000>\000\040\000C\000l\000a\000s\000s\000\040\000T\000e\000m\000p\000l\000a\000t\000e\000\040\000R\000e\000f\000e\000r\000e\000n\000c\000e}{chapter.5}
\BOOKMARK [2][-]{subsection.5.18.1}{\376\377\000D\000e\000t\000a\000i\000l\000e\000d\000\040\000D\000e\000s\000c\000r\000i\000p\000t\000i\000o\000n}{section.5.18}
\BOOKMARK [1][-]{section.5.19}{\376\377\000r\000e\000a\000d\000e\000r\000\137\000b\000a\000s\000e\000\137\000c\000l\000a\000s\000s\000<\000\040\000G\000r\000a\000p\000h\000\040\000>\000\040\000C\000l\000a\000s\000s\000\040\000T\000e\000m\000p\000l\000a\000t\000e\000\040\000R\000e\000f\000e\000r\000e\000n\000c\000e}{chapter.5}
\BOOKMARK [1][-]{section.5.20}{\376\377\000v\000e\000r\000t\000e\000x\000\137\000d\000a\000t\000a\000\137\000s\000t\000r\000u\000c\000t\000u\000r\000e\000<\000\040\000d\000i\000m\000\040\000>\000\040\000S\000t\000r\000u\000c\000t\000\040\000T\000e\000m\000p\000l\000a\000t\000e\000\040\000R\000e\000f\000e\000r\000e\000n\000c\000e}{chapter.5}
\BOOKMARK [1][-]{section.5.21}{\376\377\000Z\000u\000n\000i\000n\000o\000\137\000e\000d\000g\000e\000\137\000d\000a\000t\000a\000\040\000S\000t\000r\000u\000c\000t\000\040\000R\000e\000f\000e\000r\000e\000n\000c\000e}{chapter.5}
\BOOKMARK [1][-]{section.5.22}{\376\377\000Z\000u\000n\000i\000n\000o\000\137\000e\000d\000g\000e\000\137\000p\000r\000o\000p\000e\000r\000t\000y\000\137\000t\000\040\000S\000t\000r\000u\000c\000t\000\040\000R\000e\000f\000e\000r\000e\000n\000c\000e}{chapter.5}
\BOOKMARK [1][-]{section.5.23}{\376\377\000Z\000u\000n\000i\000n\000o\000\137\000r\000e\000a\000d\000e\000r\000<\000\040\000Z\000u\000n\000i\000n\000o\000\137\000s\000o\000u\000r\000c\000e\000\137\000d\000a\000t\000a\000,\000\040\000Z\000u\000n\000i\000n\000o\000\137\000t\000a\000r\000g\000e\000t\000\137\000d\000a\000t\000a\000,\000\040\000Z\000u\000n\000i\000n\000o\000\137\000e\000d\000g\000e\000\137\000d\000a\000t\000a\000,\000\040\000Z\000u\000n\000i\000n\000o\000\137\000t\000o\000p\000o\000l\000o\000g\000i\000c\000a\000l\000\137\000d\000a\000t\000a\000\040\000>\000\040\000C\000l\000a\000s\000s\000\040\000T\000e\000m\000p\000l\000a\000t\000e\000\040\000R\000e\000f\000e\000r\000e\000n\000c\000e}{chapter.5}
\BOOKMARK [1][-]{section.5.24}{\376\377\000Z\000u\000n\000i\000n\000o\000\137\000s\000o\000u\000r\000c\000e\000\137\000d\000a\000t\000a\000\040\000S\000t\000r\000u\000c\000t\000\040\000R\000e\000f\000e\000r\000e\000n\000c\000e}{chapter.5}
\BOOKMARK [1][-]{section.5.25}{\376\377\000Z\000u\000n\000i\000n\000o\000\137\000t\000a\000r\000g\000e\000t\000\137\000d\000a\000t\000a\000\040\000S\000t\000r\000u\000c\000t\000\040\000R\000e\000f\000e\000r\000e\000n\000c\000e}{chapter.5}
\BOOKMARK [1][-]{section.5.26}{\376\377\000Z\000u\000n\000i\000n\000o\000\137\000t\000o\000p\000o\000l\000o\000g\000i\000c\000a\000l\000\137\000d\000a\000t\000a\000\040\000S\000t\000r\000u\000c\000t\000\040\000R\000e\000f\000e\000r\000e\000n\000c\000e}{chapter.5}
\BOOKMARK [0][-]{chapter.6}{\376\377\000F\000i\000l\000e\000\040\000D\000o\000c\000u\000m\000e\000n\000t\000a\000t\000i\000o\000n}{}
\BOOKMARK [1][-]{section.6.1}{\376\377\000i\000n\000c\000l\000u\000d\000e\000/\000c\000o\000m\000p\000u\000t\000e\000\137\000e\000u\000c\000l\000i\000d\000e\000a\000n\000\137\000d\000i\000s\000t\000a\000n\000c\000e\000.\000h\000p\000p\000\040\000F\000i\000l\000e\000\040\000R\000e\000f\000e\000r\000e\000n\000c\000e}{chapter.6}
\BOOKMARK [2][-]{subsection.6.1.1}{\376\377\000D\000e\000t\000a\000i\000l\000e\000d\000\040\000D\000e\000s\000c\000r\000i\000p\000t\000i\000o\000n}{section.6.1}
\BOOKMARK [1][-]{section.6.2}{\376\377\000i\000n\000c\000l\000u\000d\000e\000/\000d\000a\000t\000a\000\137\000s\000t\000r\000u\000c\000t\000u\000r\000e\000.\000h\000p\000p\000\040\000F\000i\000l\000e\000\040\000R\000e\000f\000e\000r\000e\000n\000c\000e}{chapter.6}
\BOOKMARK [2][-]{subsection.6.2.1}{\376\377\000D\000e\000t\000a\000i\000l\000e\000d\000\040\000D\000e\000s\000c\000r\000i\000p\000t\000i\000o\000n}{section.6.2}
\BOOKMARK [1][-]{section.6.3}{\376\377\000i\000n\000c\000l\000u\000d\000e\000/\000d\000i\000j\000k\000s\000t\000r\000a\000.\000h\000p\000p\000\040\000F\000i\000l\000e\000\040\000R\000e\000f\000e\000r\000e\000n\000c\000e}{chapter.6}
\BOOKMARK [2][-]{subsection.6.3.1}{\376\377\000D\000e\000t\000a\000i\000l\000e\000d\000\040\000D\000e\000s\000c\000r\000i\000p\000t\000i\000o\000n}{section.6.3}
\BOOKMARK [1][-]{section.6.4}{\376\377\000i\000n\000c\000l\000u\000d\000e\000/\000d\000i\000j\000k\000s\000t\000r\000a\000\137\000i\000m\000p\000.\000h\000p\000p\000\040\000F\000i\000l\000e\000\040\000R\000e\000f\000e\000r\000e\000n\000c\000e}{chapter.6}
\BOOKMARK [2][-]{subsection.6.4.1}{\376\377\000D\000e\000t\000a\000i\000l\000e\000d\000\040\000D\000e\000s\000c\000r\000i\000p\000t\000i\000o\000n}{section.6.4}
\BOOKMARK [1][-]{section.6.5}{\376\377\000i\000n\000c\000l\000u\000d\000e\000/\000d\000i\000s\000j\000o\000i\000n\000t\000\137\000c\000o\000m\000p\000o\000n\000e\000n\000t\000s\000.\000h\000p\000p\000\040\000F\000i\000l\000e\000\040\000R\000e\000f\000e\000r\000e\000n\000c\000e}{chapter.6}
\BOOKMARK [2][-]{subsection.6.5.1}{\376\377\000D\000e\000t\000a\000i\000l\000e\000d\000\040\000D\000e\000s\000c\000r\000i\000p\000t\000i\000o\000n}{section.6.5}
\BOOKMARK [2][-]{subsection.6.5.2}{\376\377\000F\000u\000n\000c\000t\000i\000o\000n\000\040\000D\000o\000c\000u\000m\000e\000n\000t\000a\000t\000i\000o\000n}{section.6.5}
\BOOKMARK [3][-]{subsubsection.6.5.2.1}{\376\377\000d\000i\000s\000j\000o\000i\000n\000t\000\137\000c\000o\000m\000p\000o\000n\000e\000n\000t\000s}{subsection.6.5.2}
\BOOKMARK [1][-]{section.6.6}{\376\377\000i\000n\000c\000l\000u\000d\000e\000/\000d\000i\000s\000j\000o\000i\000n\000t\000\137\000c\000o\000m\000p\000o\000n\000e\000n\000t\000s\000\137\000i\000m\000p\000.\000h\000p\000p\000\040\000F\000i\000l\000e\000\040\000R\000e\000f\000e\000r\000e\000n\000c\000e}{chapter.6}
\BOOKMARK [2][-]{subsection.6.6.1}{\376\377\000D\000e\000t\000a\000i\000l\000e\000d\000\040\000D\000e\000s\000c\000r\000i\000p\000t\000i\000o\000n}{section.6.6}
\BOOKMARK [2][-]{subsection.6.6.2}{\376\377\000F\000u\000n\000c\000t\000i\000o\000n\000\040\000D\000o\000c\000u\000m\000e\000n\000t\000a\000t\000i\000o\000n}{section.6.6}
\BOOKMARK [3][-]{subsubsection.6.6.2.1}{\376\377\000d\000i\000s\000j\000o\000i\000n\000t\000\137\000c\000o\000m\000p\000o\000n\000e\000n\000t\000s}{subsection.6.6.2}
\BOOKMARK [1][-]{section.6.7}{\376\377\000i\000n\000c\000l\000u\000d\000e\000/\000e\000d\000g\000e\000\137\000g\000e\000o\000m\000e\000t\000r\000y\000.\000h\000p\000p\000\040\000F\000i\000l\000e\000\040\000R\000e\000f\000e\000r\000e\000n\000c\000e}{chapter.6}
\BOOKMARK [2][-]{subsection.6.7.1}{\376\377\000D\000e\000t\000a\000i\000l\000e\000d\000\040\000D\000e\000s\000c\000r\000i\000p\000t\000i\000o\000n}{section.6.7}
\BOOKMARK [1][-]{section.6.8}{\376\377\000i\000n\000c\000l\000u\000d\000e\000/\000F\000o\000r\000m\000a\000\137\000e\000d\000g\000e\000\137\000p\000r\000o\000p\000e\000r\000t\000y\000.\000h\000p\000p\000\040\000F\000i\000l\000e\000\040\000R\000e\000f\000e\000r\000e\000n\000c\000e}{chapter.6}
\BOOKMARK [2][-]{subsection.6.8.1}{\376\377\000D\000e\000t\000a\000i\000l\000e\000d\000\040\000D\000e\000s\000c\000r\000i\000p\000t\000i\000o\000n}{section.6.8}
\BOOKMARK [1][-]{section.6.9}{\376\377\000i\000n\000c\000l\000u\000d\000e\000/\000F\000o\000r\000m\000a\000\137\000v\000e\000r\000t\000e\000x\000\137\000p\000r\000o\000p\000e\000r\000t\000y\000.\000h\000p\000p\000\040\000F\000i\000l\000e\000\040\000R\000e\000f\000e\000r\000e\000n\000c\000e}{chapter.6}
\BOOKMARK [2][-]{subsection.6.9.1}{\376\377\000D\000e\000t\000a\000i\000l\000e\000d\000\040\000D\000e\000s\000c\000r\000i\000p\000t\000i\000o\000n}{section.6.9}
\BOOKMARK [1][-]{section.6.10}{\376\377\000i\000n\000c\000l\000u\000d\000e\000/\000g\000e\000n\000e\000r\000i\000c\000\137\000e\000d\000g\000e\000\137\000g\000e\000o\000m\000e\000t\000r\000y\000.\000h\000p\000p\000\040\000F\000i\000l\000e\000\040\000R\000e\000f\000e\000r\000e\000n\000c\000e}{chapter.6}
\BOOKMARK [2][-]{subsection.6.10.1}{\376\377\000D\000e\000t\000a\000i\000l\000e\000d\000\040\000D\000e\000s\000c\000r\000i\000p\000t\000i\000o\000n}{section.6.10}
\BOOKMARK [1][-]{section.6.11}{\376\377\000i\000n\000c\000l\000u\000d\000e\000/\000g\000e\000n\000e\000r\000i\000c\000\137\000p\000o\000i\000n\000t\000.\000h\000p\000p\000\040\000F\000i\000l\000e\000\040\000R\000e\000f\000e\000r\000e\000n\000c\000e}{chapter.6}
\BOOKMARK [2][-]{subsection.6.11.1}{\376\377\000D\000e\000t\000a\000i\000l\000e\000d\000\040\000D\000e\000s\000c\000r\000i\000p\000t\000i\000o\000n}{section.6.11}
\BOOKMARK [1][-]{section.6.12}{\376\377\000i\000n\000c\000l\000u\000d\000e\000/\000g\000r\000a\000p\000h\000\137\000b\000u\000i\000l\000d\000e\000r\000.\000h\000p\000p\000\040\000F\000i\000l\000e\000\040\000R\000e\000f\000e\000r\000e\000n\000c\000e}{chapter.6}
\BOOKMARK [2][-]{subsection.6.12.1}{\376\377\000D\000e\000t\000a\000i\000l\000e\000d\000\040\000D\000e\000s\000c\000r\000i\000p\000t\000i\000o\000n}{section.6.12}
\BOOKMARK [1][-]{section.6.13}{\376\377\000i\000n\000c\000l\000u\000d\000e\000/\000i\000n\000t\000e\000r\000s\000e\000c\000t\000o\000r\000\137\000b\000a\000s\000e\000\137\000c\000l\000a\000s\000s\000.\000h\000p\000p\000\040\000F\000i\000l\000e\000\040\000R\000e\000f\000e\000r\000e\000n\000c\000e}{chapter.6}
\BOOKMARK [2][-]{subsection.6.13.1}{\376\377\000D\000e\000t\000a\000i\000l\000e\000d\000\040\000D\000e\000s\000c\000r\000i\000p\000t\000i\000o\000n}{section.6.13}
\BOOKMARK [1][-]{section.6.14}{\376\377\000i\000n\000c\000l\000u\000d\000e\000/\000i\000o\000\137\000g\000r\000a\000p\000h\000.\000h\000p\000p\000\040\000F\000i\000l\000e\000\040\000R\000e\000f\000e\000r\000e\000n\000c\000e}{chapter.6}
\BOOKMARK [2][-]{subsection.6.14.1}{\376\377\000D\000e\000t\000a\000i\000l\000e\000d\000\040\000D\000e\000s\000c\000r\000i\000p\000t\000i\000o\000n}{section.6.14}
\BOOKMARK [2][-]{subsection.6.14.2}{\376\377\000F\000u\000n\000c\000t\000i\000o\000n\000\040\000D\000o\000c\000u\000m\000e\000n\000t\000a\000t\000i\000o\000n}{section.6.14}
\BOOKMARK [3][-]{subsubsection.6.14.2.1}{\376\377\000a\000r\000e\000\137\000i\000n\000t\000e\000r\000s\000e\000c\000t\000e\000d}{subsection.6.14.2}
\BOOKMARK [3][-]{subsubsection.6.14.2.2}{\376\377\000c\000h\000e\000c\000k\000\137\000f\000o\000r\000\137\000i\000n\000t\000e\000r\000s\000e\000c\000t\000i\000o\000n\000s}{subsection.6.14.2}
\BOOKMARK [3][-]{subsubsection.6.14.2.3}{\376\377\000c\000o\000m\000p\000a\000r\000e}{subsection.6.14.2}
\BOOKMARK [3][-]{subsubsection.6.14.2.4}{\376\377\000r\000e\000a\000d\000\137\000z\000u\000n\000i\000n\000o\000\137\000o\000l\000d\000\137\000f\000o\000r\000m\000a\000t}{subsection.6.14.2}
\BOOKMARK [3][-]{subsubsection.6.14.2.5}{\376\377\000r\000e\000f\000i\000n\000e\000\137\000g\000r\000a\000p\000h}{subsection.6.14.2}
\BOOKMARK [3][-]{subsubsection.6.14.2.6}{\376\377\000v\000e\000r\000t\000e\000x\000\137\000i\000n\000s\000e\000r\000t\000i\000o\000n\000\137\000o\000r\000\137\000i\000d\000e\000n\000t\000i\000f\000i\000c\000a\000t\000i\000o\000n}{subsection.6.14.2}
\BOOKMARK [1][-]{section.6.15}{\376\377\000i\000n\000c\000l\000u\000d\000e\000/\000i\000o\000\137\000g\000r\000a\000p\000h\000\137\000i\000m\000p\000.\000h\000p\000p\000\040\000F\000i\000l\000e\000\040\000R\000e\000f\000e\000r\000e\000n\000c\000e}{chapter.6}
\BOOKMARK [2][-]{subsection.6.15.1}{\376\377\000D\000e\000t\000a\000i\000l\000e\000d\000\040\000D\000e\000s\000c\000r\000i\000p\000t\000i\000o\000n}{section.6.15}
\BOOKMARK [2][-]{subsection.6.15.2}{\376\377\000F\000u\000n\000c\000t\000i\000o\000n\000\040\000D\000o\000c\000u\000m\000e\000n\000t\000a\000t\000i\000o\000n}{section.6.15}
\BOOKMARK [3][-]{subsubsection.6.15.2.1}{\376\377\000a\000r\000e\000\137\000i\000n\000t\000e\000r\000s\000e\000c\000t\000e\000d}{subsection.6.15.2}
\BOOKMARK [3][-]{subsubsection.6.15.2.2}{\376\377\000c\000h\000e\000c\000k\000\137\000f\000o\000r\000\137\000i\000n\000t\000e\000r\000s\000e\000c\000t\000i\000o\000n\000s}{subsection.6.15.2}
\BOOKMARK [3][-]{subsubsection.6.15.2.3}{\376\377\000c\000o\000m\000p\000a\000r\000e}{subsection.6.15.2}
\BOOKMARK [3][-]{subsubsection.6.15.2.4}{\376\377\000r\000e\000f\000i\000n\000e\000\137\000g\000r\000a\000p\000h}{subsection.6.15.2}
\BOOKMARK [3][-]{subsubsection.6.15.2.5}{\376\377\000v\000e\000r\000t\000e\000x\000\137\000i\000n\000s\000e\000r\000t\000i\000o\000n\000\137\000o\000r\000\137\000i\000d\000e\000n\000t\000i\000f\000i\000c\000a\000t\000i\000o\000n}{subsection.6.15.2}
\BOOKMARK [1][-]{section.6.16}{\376\377\000i\000n\000c\000l\000u\000d\000e\000/\000m\000a\000x\000i\000m\000u\000m\000\137\000f\000l\000o\000w\000.\000h\000p\000p\000\040\000F\000i\000l\000e\000\040\000R\000e\000f\000e\000r\000e\000n\000c\000e}{chapter.6}
\BOOKMARK [2][-]{subsection.6.16.1}{\376\377\000D\000e\000t\000a\000i\000l\000e\000d\000\040\000D\000e\000s\000c\000r\000i\000p\000t\000i\000o\000n}{section.6.16}
\BOOKMARK [2][-]{subsection.6.16.2}{\376\377\000F\000u\000n\000c\000t\000i\000o\000n\000\040\000D\000o\000c\000u\000m\000e\000n\000t\000a\000t\000i\000o\000n}{section.6.16}
\BOOKMARK [3][-]{subsubsection.6.16.2.1}{\376\377\000b\000u\000i\000l\000d\000\137\000f\000l\000o\000w\000\137\000g\000r\000a\000p\000h}{subsection.6.16.2}
\BOOKMARK [3][-]{subsubsection.6.16.2.2}{\376\377\000m\000a\000x\000i\000m\000u\000m\000\137\000f\000l\000o\000w}{subsection.6.16.2}
\BOOKMARK [3][-]{subsubsection.6.16.2.3}{\376\377\000s\000t\000o\000r\000e\000\137\000r\000e\000s\000i\000d\000u\000a\000l\000\137\000c\000a\000p\000a\000c\000i\000t\000y}{subsection.6.16.2}
\BOOKMARK [1][-]{section.6.17}{\376\377\000i\000n\000c\000l\000u\000d\000e\000/\000m\000a\000x\000i\000m\000u\000m\000\137\000f\000l\000o\000w\000\137\000i\000m\000p\000.\000h\000p\000p\000\040\000F\000i\000l\000e\000\040\000R\000e\000f\000e\000r\000e\000n\000c\000e}{chapter.6}
\BOOKMARK [2][-]{subsection.6.17.1}{\376\377\000D\000e\000t\000a\000i\000l\000e\000d\000\040\000D\000e\000s\000c\000r\000i\000p\000t\000i\000o\000n}{section.6.17}
\BOOKMARK [2][-]{subsection.6.17.2}{\376\377\000F\000u\000n\000c\000t\000i\000o\000n\000\040\000D\000o\000c\000u\000m\000e\000n\000t\000a\000t\000i\000o\000n}{section.6.17}
\BOOKMARK [3][-]{subsubsection.6.17.2.1}{\376\377\000b\000u\000i\000l\000d\000\137\000f\000l\000o\000w\000\137\000g\000r\000a\000p\000h}{subsection.6.17.2}
\BOOKMARK [3][-]{subsubsection.6.17.2.2}{\376\377\000m\000a\000x\000i\000m\000u\000m\000\137\000f\000l\000o\000w}{subsection.6.17.2}
\BOOKMARK [3][-]{subsubsection.6.17.2.3}{\376\377\000s\000t\000o\000r\000e\000\137\000r\000e\000s\000i\000d\000u\000a\000l\000\137\000c\000a\000p\000a\000c\000i\000t\000y}{subsection.6.17.2}
\BOOKMARK [1][-]{section.6.18}{\376\377\000i\000n\000c\000l\000u\000d\000e\000/\000n\000e\000w\000\137\000r\000e\000a\000d\000e\000r\000\137\000c\000l\000a\000s\000s\000.\000h\000p\000p\000\040\000F\000i\000l\000e\000\040\000R\000e\000f\000e\000r\000e\000n\000c\000e}{chapter.6}
\BOOKMARK [2][-]{subsection.6.18.1}{\376\377\000D\000e\000t\000a\000i\000l\000e\000d\000\040\000D\000e\000s\000c\000r\000i\000p\000t\000i\000o\000n}{section.6.18}
\BOOKMARK [1][-]{section.6.19}{\376\377\000i\000n\000c\000l\000u\000d\000e\000/\000n\000e\000w\000\137\000r\000e\000a\000d\000e\000r\000\137\000Z\000u\000n\000i\000n\000o\000.\000h\000p\000p\000\040\000F\000i\000l\000e\000\040\000R\000e\000f\000e\000r\000e\000n\000c\000e}{chapter.6}
\BOOKMARK [2][-]{subsection.6.19.1}{\376\377\000D\000e\000t\000a\000i\000l\000e\000d\000\040\000D\000e\000s\000c\000r\000i\000p\000t\000i\000o\000n}{section.6.19}
\BOOKMARK [1][-]{section.6.20}{\376\377\000i\000n\000c\000l\000u\000d\000e\000/\000o\000u\000r\000\137\000d\000i\000s\000j\000o\000i\000n\000t\000\137\000s\000e\000t\000s\000.\000h\000p\000p\000\040\000F\000i\000l\000e\000\040\000R\000e\000f\000e\000r\000e\000n\000c\000e}{chapter.6}
\BOOKMARK [2][-]{subsection.6.20.1}{\376\377\000D\000e\000t\000a\000i\000l\000e\000d\000\040\000D\000e\000s\000c\000r\000i\000p\000t\000i\000o\000n}{section.6.20}
\BOOKMARK [1][-]{section.6.21}{\376\377\000i\000n\000c\000l\000u\000d\000e\000/\000r\000e\000a\000d\000e\000r\000\137\000b\000a\000s\000e\000\137\000c\000l\000a\000s\000s\000.\000h\000p\000p\000\040\000F\000i\000l\000e\000\040\000R\000e\000f\000e\000r\000e\000n\000c\000e}{chapter.6}
\BOOKMARK [2][-]{subsection.6.21.1}{\376\377\000D\000e\000t\000a\000i\000l\000e\000d\000\040\000D\000e\000s\000c\000r\000i\000p\000t\000i\000o\000n}{section.6.21}
\BOOKMARK [1][-]{section.6.22}{\376\377\000i\000n\000c\000l\000u\000d\000e\000/\000r\000e\000a\000d\000e\000r\000\137\000F\000o\000r\000m\000a\000g\000g\000i\000a\000\137\000c\000l\000a\000s\000s\000.\000h\000p\000p\000\040\000F\000i\000l\000e\000\040\000R\000e\000f\000e\000r\000e\000n\000c\000e}{chapter.6}
\BOOKMARK [2][-]{subsection.6.22.1}{\376\377\000D\000e\000t\000a\000i\000l\000e\000d\000\040\000D\000e\000s\000c\000r\000i\000p\000t\000i\000o\000n}{section.6.22}
\BOOKMARK [1][-]{section.6.23}{\376\377\000i\000n\000c\000l\000u\000d\000e\000/\000r\000e\000a\000d\000e\000r\000\137\000Z\000u\000n\000i\000n\000o\000\137\000c\000l\000a\000s\000s\000.\000h\000p\000p\000\040\000F\000i\000l\000e\000\040\000R\000e\000f\000e\000r\000e\000n\000c\000e}{chapter.6}
\BOOKMARK [2][-]{subsection.6.23.1}{\376\377\000D\000e\000t\000a\000i\000l\000e\000d\000\040\000D\000e\000s\000c\000r\000i\000p\000t\000i\000o\000n}{section.6.23}
\BOOKMARK [1][-]{section.6.24}{\376\377\000i\000n\000c\000l\000u\000d\000e\000/\000t\000o\000p\000o\000l\000o\000g\000i\000c\000a\000l\000\137\000d\000i\000s\000t\000a\000n\000c\000e\000.\000h\000p\000p\000\040\000F\000i\000l\000e\000\040\000R\000e\000f\000e\000r\000e\000n\000c\000e}{chapter.6}
\BOOKMARK [2][-]{subsection.6.24.1}{\376\377\000D\000e\000t\000a\000i\000l\000e\000d\000\040\000D\000e\000s\000c\000r\000i\000p\000t\000i\000o\000n}{section.6.24}
\BOOKMARK [1][-]{section.6.25}{\376\377\000i\000n\000c\000l\000u\000d\000e\000/\000t\000o\000p\000o\000l\000o\000g\000i\000c\000a\000l\000\137\000d\000i\000s\000t\000a\000n\000c\000e\000\137\000i\000m\000p\000.\000h\000p\000p\000\040\000F\000i\000l\000e\000\040\000R\000e\000f\000e\000r\000e\000n\000c\000e}{chapter.6}
\BOOKMARK [2][-]{subsection.6.25.1}{\376\377\000D\000e\000t\000a\000i\000l\000e\000d\000\040\000D\000e\000s\000c\000r\000i\000p\000t\000i\000o\000n}{section.6.25}
\BOOKMARK [1][-]{section.6.26}{\376\377\000i\000n\000c\000l\000u\000d\000e\000/\000Z\000u\000n\000i\000n\000o\000\137\000e\000d\000g\000e\000\137\000p\000r\000o\000p\000e\000r\000t\000y\000.\000h\000p\000p\000\040\000F\000i\000l\000e\000\040\000R\000e\000f\000e\000r\000e\000n\000c\000e}{chapter.6}
\BOOKMARK [2][-]{subsection.6.26.1}{\376\377\000D\000e\000t\000a\000i\000l\000e\000d\000\040\000D\000e\000s\000c\000r\000i\000p\000t\000i\000o\000n}{section.6.26}
\BOOKMARK [1][-]{section.6.27}{\376\377\000s\000r\000c\000/\000m\000a\000i\000n\000\137\000F\000o\000r\000m\000a\000g\000g\000i\000a\000.\000c\000p\000p\000\040\000F\000i\000l\000e\000\040\000R\000e\000f\000e\000r\000e\000n\000c\000e}{chapter.6}
\BOOKMARK [2][-]{subsection.6.27.1}{\376\377\000D\000e\000t\000a\000i\000l\000e\000d\000\040\000D\000e\000s\000c\000r\000i\000p\000t\000i\000o\000n}{section.6.27}
\BOOKMARK [1][-]{section.6.28}{\376\377\000s\000r\000c\000/\000m\000a\000i\000n\000\137\000Z\000u\000n\000i\000n\000o\000.\000c\000p\000p\000\040\000F\000i\000l\000e\000\040\000R\000e\000f\000e\000r\000e\000n\000c\000e}{chapter.6}
\BOOKMARK [2][-]{subsection.6.28.1}{\376\377\000D\000e\000t\000a\000i\000l\000e\000d\000\040\000D\000e\000s\000c\000r\000i\000p\000t\000i\000o\000n}{section.6.28}
